Log file open, 06/25/24 23:44:23
LogWindows: Failed to load 'aqProf.dll' (GetLastError=126)
LogWindows: File 'aqProf.dll' does not exist
LogWindows: Failed to load 'VtuneApi.dll' (GetLastError=126)
LogWindows: File 'VtuneApi.dll' does not exist
LogWindows: Failed to load 'VtuneApi32e.dll' (GetLastError=126)
LogWindows: File 'VtuneApi32e.dll' does not exist
LogConsoleResponse: Display: Failed to find resolution value strings in scalability ini. Falling back to default.
LogConsoleResponse: Display: Failed to find resolution value strings in scalability ini. Falling back to default.
LogInit: Display: Running engine for game: landscape
LogPlatformFile: Not using cached read wrapper
LogTaskGraph: Started task graph with 5 named threads and 35 total threads with 3 sets of task threads.
LogStats: Stats thread started at 0.374496
LogICUInternationalization: ICU TimeZone Detection - Raw Offset: +3:30, Platform Override: ''
LogInit: Display: Loading text-based GConfig....
LogPluginManager: Mounting plugin MeshPainting
LogPluginManager: Mounting plugin XGEController
LogPluginManager: Mounting plugin Paper2D
LogPluginManager: Mounting plugin AISupport
LogPluginManager: Mounting plugin EnvironmentQueryEditor
LogPluginManager: Mounting plugin LiveLink
LogPluginManager: Mounting plugin GameplayCameras
LogPluginManager: Mounting plugin LightPropagationVolume
LogPluginManager: Mounting plugin CameraShakePreviewer
LogPluginManager: Mounting plugin AnimationSharing
LogPluginManager: Mounting plugin CLionSourceCodeAccess
LogPluginManager: Mounting plugin CodeLiteSourceCodeAccess
LogPluginManager: Mounting plugin GitSourceControl
LogPluginManager: Mounting plugin NullSourceCodeAccess
LogPluginManager: Mounting plugin PerforceSourceControl
LogPluginManager: Mounting plugin PixWinPlugin
LogPluginManager: Mounting plugin KDevelopSourceCodeAccess
LogPluginManager: Mounting plugin PlasticSourceControl
LogPluginManager: Mounting plugin PropertyAccessNode
LogPluginManager: Mounting plugin PluginUtils
LogPluginManager: Mounting plugin SubversionSourceControl
LogPluginManager: Mounting plugin TextureFormatOodle
LogPluginManager: Mounting plugin RiderSourceCodeAccess
LogPluginManager: Mounting plugin VisualStudioSourceCodeAccess
LogPluginManager: Mounting plugin UObjectPlugin
LogPluginManager: Mounting plugin XCodeSourceCodeAccess
LogPluginManager: Mounting plugin VisualStudioCodeSourceCodeAccess
LogPluginManager: Mounting plugin OodleData
LogPluginManager: Mounting plugin OodleNetwork
LogPluginManager: Mounting plugin AssetManagerEditor
LogPluginManager: Mounting plugin FacialAnimation
LogPluginManager: Mounting plugin DataValidation
LogPluginManager: Mounting plugin CryptoKeys
LogPluginManager: Mounting plugin CurveEditorTools
LogPluginManager: Mounting plugin GameplayTagsEditor
LogPluginManager: Mounting plugin GeometryMode
LogPluginManager: Mounting plugin MacGraphicsSwitching
LogPluginManager: Mounting plugin MaterialAnalyzer
LogPluginManager: Mounting plugin MobileLauncherProfileWizard
LogPluginManager: Mounting plugin PluginBrowser
LogPluginManager: Mounting plugin SpeedTreeImporter
LogPluginManager: Mounting plugin DatasmithContent
LogPluginManager: Mounting plugin AlembicImporter
LogPluginManager: Mounting plugin AutomationUtils
LogPluginManager: Mounting plugin BackChannel
LogPluginManager: Mounting plugin ChaosCloth
LogPluginManager: Mounting plugin ChaosClothEditor
LogPluginManager: Mounting plugin ChaosEditor
LogPluginManager: Mounting plugin ChaosNiagara
LogPluginManager: Mounting plugin ChaosSolverPlugin
LogPluginManager: Mounting plugin CharacterAI
LogPluginManager: Mounting plugin Niagara
LogPluginManager: Mounting plugin GeometryCache
LogPluginManager: Mounting plugin GeometryCollectionPlugin
LogPluginManager: Mounting plugin GeometryProcessing
LogPluginManager: Mounting plugin MotoSynth
LogPluginManager: Mounting plugin OpenImageDenoise
LogPluginManager: Mounting plugin PlanarCut
LogPluginManager: Mounting plugin PlatformCrypto
LogPluginManager: Mounting plugin ProxyLODPlugin
LogPluginManager: Mounting plugin PythonScriptPlugin
LogPluginManager: Mounting plugin SkeletalReduction
LogPluginManager: Mounting plugin AndroidMedia
LogPluginManager: Mounting plugin AvfMedia
LogPluginManager: Mounting plugin ImgMedia
LogPluginManager: Mounting plugin MediaCompositing
LogPluginManager: Mounting plugin VariantManagerContent
LogPluginManager: Mounting plugin MediaPlayerEditor
LogPluginManager: Mounting plugin WebMMedia
LogPluginManager: Mounting plugin WmfMedia
LogPluginManager: Mounting plugin LuminPlatformFeatures
LogPluginManager: Mounting plugin MagicLeap
LogPluginManager: Mounting plugin MagicLeapLightEstimation
LogPluginManager: Mounting plugin MagicLeapMedia
LogPluginManager: Mounting plugin MagicLeapPassableWorld
LogPluginManager: Mounting plugin MLSDK
LogPluginManager: Mounting plugin TcpMessaging
LogPluginManager: Mounting plugin ActorSequence
LogPluginManager: Mounting plugin UdpMessaging
LogPluginManager: Mounting plugin MatineeToLevelSequence
LogPluginManager: Mounting plugin LevelSequenceEditor
LogPluginManager: Mounting plugin TemplateSequence
LogPluginManager: Mounting plugin OnlineSubsystem
LogPluginManager: Mounting plugin OnlineSubsystemNull
LogPluginManager: Mounting plugin OnlineSubsystemUtils
LogPluginManager: Mounting plugin ScreenshotTools
LogPluginManager: Mounting plugin ActorLayerUtilities
LogPluginManager: Mounting plugin LauncherChunkInstaller
LogPluginManager: Mounting plugin AndroidDeviceProfileSelector
LogPluginManager: Mounting plugin AndroidMoviePlayer
LogPluginManager: Mounting plugin AndroidPermission
LogPluginManager: Mounting plugin AppleMoviePlayer
LogPluginManager: Mounting plugin AppleImageUtils
LogPluginManager: Mounting plugin ArchVisCharacter
LogPluginManager: Mounting plugin AssetTags
LogPluginManager: Mounting plugin AudioCapture
LogPluginManager: Mounting plugin AudioSynesthesia
LogPluginManager: Mounting plugin CableComponent
LogPluginManager: Mounting plugin ChunkDownloader
LogPluginManager: Mounting plugin CustomMeshComponent
LogPluginManager: Mounting plugin ExampleDeviceProfileSelector
LogPluginManager: Mounting plugin EditableMesh
LogPluginManager: Mounting plugin GoogleCloudMessaging
LogPluginManager: Mounting plugin GooglePAD
LogPluginManager: Mounting plugin IOSDeviceProfileSelector
LogPluginManager: Mounting plugin LinuxDeviceProfileSelector
LogPluginManager: Mounting plugin LocationServicesBPLibrary
LogPluginManager: Mounting plugin MobilePatchingUtils
LogPluginManager: Mounting plugin OpenXREyeTracker
LogPluginManager: Mounting plugin OpenXR
LogPluginManager: Mounting plugin OpenXRHandTracking
LogPluginManager: Mounting plugin PhysXVehicles
LogPluginManager: Mounting plugin PostSplashScreen
LogPluginManager: Mounting plugin ProceduralMeshComponent
LogPluginManager: Mounting plugin SignificanceManager
LogPluginManager: Mounting plugin PropertyAccessEditor
LogPluginManager: Mounting plugin RuntimePhysXCooking
LogPluginManager: Mounting plugin SoundFields
LogPluginManager: Mounting plugin Synthesis
LogPluginManager: Mounting plugin WebMMoviePlayer
LogPluginManager: Mounting plugin WindowsMoviePlayer
LogPluginManager: Mounting plugin Takes
LogPluginManager: Mounting plugin ContentBrowserClassDataSource
LogPluginManager: Mounting plugin ContentBrowserFileDataSource
LogPluginManager: Mounting plugin ContentBrowserAssetDataSource
LogPluginManager: Mounting plugin OnlineSubsystemGooglePlay
LogPluginManager: Mounting plugin OnlineSubsystemIOS
LogPluginManager: Mounting plugin OculusVR
LogPluginManager: Mounting plugin SteamVR
PixWinPlugin: PIX capture plugin failed to initialize! Check that the process is launched from PIX.
LogInit: Using libcurl 7.55.1-DEV
LogInit:  - built for x86_64-pc-win32
LogInit:  - supports SSL with OpenSSL/1.1.1
LogInit:  - supports HTTP deflate (compression) using libz 1.2.8
LogInit:  - other features:
LogInit:      CURL_VERSION_SSL
LogInit:      CURL_VERSION_LIBZ
LogInit:      CURL_VERSION_IPV6
LogInit:      CURL_VERSION_ASYNCHDNS
LogInit:      CURL_VERSION_LARGEFILE
LogInit:      CURL_VERSION_IDN
LogInit:  CurlRequestOptions (configurable via config and command line):
LogInit:  - bVerifyPeer = true  - Libcurl will verify peer certificate
LogInit:  - bUseHttpProxy = false  - Libcurl will NOT use HTTP proxy
LogInit:  - bDontReuseConnections = false  - Libcurl will reuse connections
LogInit:  - MaxHostConnections = 16  - Libcurl will limit the number of connections to a host
LogInit:  - LocalHostAddr = Default
LogInit:  - BufferSize = 65536
LogOnline: OSS: Creating online subsystem instance for: NULL
LogInit: WinSock: version 1.1 (2.2), MaxSocks=32767, MaxUdp=65467
LogOnline: OSS: TryLoadSubsystemAndSetDefault: Loaded subsystem for module [NULL]
LogOculusPluginWrapper: OculusPlugin initialized successfully
LogHMD: Failed initializing OVRPlugin 1.59.0
LogInit: Build: ++UE4+Release-4.27-CL-18319896
LogInit: Engine Version: 4.27.2-18319896+++UE4+Release-4.27
LogInit: Compatible Engine Version: 4.27.0-17155196+++UE4+Release-4.27
LogInit: Net CL: 17155196
LogInit: OS: Windows 10 (Release 2009) (), CPU: Intel(R) Core(TM) i7-9750H CPU @ 2.60GHz, GPU: Intel(R) UHD Graphics 630
LogInit: Compiled (64-bit): Nov 30 2021 07:12:08
LogInit: Compiled with Visual C++: 19.24.28315.00
LogInit: Build Configuration: Development
LogInit: Branch Name: ++UE4+Release-4.27
LogInit: Command Line: 
LogInit: Base Directory: D:/4.27/UE_4.27/UE_4.27/Engine/Binaries/Win64/
LogInit: Allocator: TBB
LogInit: Installed Engine Build: 1
LogDevObjectVersion: Number of dev versions registered: 29
LogDevObjectVersion:   Dev-Blueprints (B0D832E4-1F89-4F0D-ACCF-7EB736FD4AA2): 10
LogDevObjectVersion:   Dev-Build (E1C64328-A22C-4D53-A36C-8E866417BD8C): 0
LogDevObjectVersion:   Dev-Core (375EC13C-06E4-48FB-B500-84F0262A717E): 4
LogDevObjectVersion:   Dev-Editor (E4B068ED-F494-42E9-A231-DA0B2E46BB41): 40
LogDevObjectVersion:   Dev-Framework (CFFC743F-43B0-4480-9391-14DF171D2073): 37
LogDevObjectVersion:   Dev-Mobile (B02B49B5-BB20-44E9-A304-32B752E40360): 3
LogDevObjectVersion:   Dev-Networking (A4E4105C-59A1-49B5-A7C5-40C4547EDFEE): 0
LogDevObjectVersion:   Dev-Online (39C831C9-5AE6-47DC-9A44-9C173E1C8E7C): 0
LogDevObjectVersion:   Dev-Physics (78F01B33-EBEA-4F98-B9B4-84EACCB95AA2): 14
LogDevObjectVersion:   Dev-Platform (6631380F-2D4D-43E0-8009-CF276956A95A): 0
LogDevObjectVersion:   Dev-Rendering (12F88B9F-8875-4AFC-A67C-D90C383ABD29): 45
LogDevObjectVersion:   Dev-Sequencer (7B5AE74C-D270-4C10-A958-57980B212A5A): 13
LogDevObjectVersion:   Dev-VR (D7296918-1DD6-4BDD-9DE2-64A83CC13884): 3
LogDevObjectVersion:   Dev-LoadTimes (C2A15278-BFE7-4AFE-6C17-90FF531DF755): 1
LogDevObjectVersion:   Private-Geometry (6EACA3D4-40EC-4CC1-B786-8BED09428FC5): 3
LogDevObjectVersion:   Dev-AnimPhys (29E575DD-E0A3-4627-9D10-D276232CDCEA): 17
LogDevObjectVersion:   Dev-Anim (AF43A65D-7FD3-4947-9873-3E8ED9C1BB05): 15
LogDevObjectVersion:   Dev-ReflectionCapture (6B266CEC-1EC7-4B8F-A30B-E4D90942FC07): 1
LogDevObjectVersion:   Dev-Automation (0DF73D61-A23F-47EA-B727-89E90C41499A): 1
LogDevObjectVersion:   FortniteMain (601D1886-AC64-4F84-AA16-D3DE0DEAC7D6): 47
LogDevObjectVersion:   FortniteRelease (E7086368-6B23-4C58-8439-1B7016265E91): 1
LogDevObjectVersion:   Dev-Enterprise (9DFFBCD6-494F-0158-E221-12823C92A888): 10
LogDevObjectVersion:   Dev-Niagara (F2AED0AC-9AFE-416F-8664-AA7FFA26D6FC): 1
LogDevObjectVersion:   Dev-Destruction (174F1F0B-B4C6-45A5-B13F-2EE8D0FB917D): 10
LogDevObjectVersion:   Dev-Physics-Ext (35F94A83-E258-406C-A318-09F59610247C): 41
LogDevObjectVersion:   Dev-PhysicsMaterial-Chaos (B68FC16E-8B1B-42E2-B453-215C058844FE): 1
LogDevObjectVersion:   Dev-CineCamera (B2E18506-4273-CFC2-A54E-F4BB758BBA07): 1
LogDevObjectVersion:   Dev-VirtualProduction (64F58936-FD1B-42BA-BA96-7289D5D0FA4E): 1
LogDevObjectVersion:   Dev-MediaFramework (6F0ED827-A609-4895-9C91-998D90180EA4): 2
LogInit: Presizing for max 25165824 objects, including 0 objects not considered by GC, pre-allocating 0 bytes for permanent pool.
LogConfig: Applying CVar settings from Section [/Script/Engine.StreamingSettings] File [C:/Users/MY LENOVO/Desktop/project_uni/landscape/Saved/Config/Windows/Engine.ini]
LogConfig: Setting CVar [[s.MinBulkDataSizeForAsyncLoading:131072]]
LogConfig: Setting CVar [[s.AsyncLoadingThreadEnabled:0]]
LogConfig: Setting CVar [[s.EventDrivenLoaderEnabled:1]]
LogConfig: Setting CVar [[s.WarnIfTimeLimitExceeded:0]]
LogConfig: Setting CVar [[s.TimeLimitExceededMultiplier:1.5]]
LogConfig: Setting CVar [[s.TimeLimitExceededMinTime:0.005]]
LogConfig: Setting CVar [[s.UseBackgroundLevelStreaming:1]]
LogConfig: Setting CVar [[s.PriorityAsyncLoadingExtraTime:15.0]]
LogConfig: Setting CVar [[s.LevelStreamingActorsUpdateTimeLimit:5.0]]
LogConfig: Setting CVar [[s.PriorityLevelStreamingActorsUpdateExtraTime:5.0]]
LogConfig: Setting CVar [[s.LevelStreamingComponentsRegistrationGranularity:10]]
LogConfig: Setting CVar [[s.UnregisterComponentsTimeLimit:1.0]]
LogConfig: Setting CVar [[s.LevelStreamingComponentsUnregistrationGranularity:5]]
LogConfig: Setting CVar [[s.FlushStreamingOnExit:1]]
LogInit: Object subsystem initialized
LogConfig: Setting CVar [[con.DebugEarlyDefault:1]]
LogConfig: Setting CVar [[r.setres:1280x720]]
[2024.06.25-20.14.23:917][  0]LogConfig: Setting CVar [[r.VSync:0]]
[2024.06.25-20.14.23:917][  0]LogConfig: Setting CVar [[r.RHICmdBypass:0]]
[2024.06.25-20.14.23:917][  0]LogConfig: Applying CVar settings from Section [/Script/Engine.RendererSettings] File [C:/Users/MY LENOVO/Desktop/project_uni/landscape/Saved/Config/Windows/Engine.ini]
[2024.06.25-20.14.23:917][  0]LogConfig: Setting CVar [[r.GPUCrashDebugging:0]]
[2024.06.25-20.14.23:917][  0]LogConfig: Applying CVar settings from Section [/Script/Engine.RendererOverrideSettings] File [C:/Users/MY LENOVO/Desktop/project_uni/landscape/Saved/Config/Windows/Engine.ini]
[2024.06.25-20.14.23:917][  0]LogConfig: Applying CVar settings from Section [/Script/Engine.StreamingSettings] File [C:/Users/MY LENOVO/Desktop/project_uni/landscape/Saved/Config/Windows/Engine.ini]
[2024.06.25-20.14.23:917][  0]LogConfig: Setting CVar [[s.MinBulkDataSizeForAsyncLoading:131072]]
[2024.06.25-20.14.23:917][  0]LogConfig: Setting CVar [[s.AsyncLoadingThreadEnabled:0]]
[2024.06.25-20.14.23:917][  0]LogConfig: Setting CVar [[s.EventDrivenLoaderEnabled:1]]
[2024.06.25-20.14.23:917][  0]LogConfig: Setting CVar [[s.WarnIfTimeLimitExceeded:0]]
[2024.06.25-20.14.23:917][  0]LogConfig: Setting CVar [[s.TimeLimitExceededMultiplier:1.5]]
[2024.06.25-20.14.23:917][  0]LogConfig: Setting CVar [[s.TimeLimitExceededMinTime:0.005]]
[2024.06.25-20.14.23:917][  0]LogConfig: Setting CVar [[s.UseBackgroundLevelStreaming:1]]
[2024.06.25-20.14.23:917][  0]LogConfig: Setting CVar [[s.PriorityAsyncLoadingExtraTime:15.0]]
[2024.06.25-20.14.23:917][  0]LogConfig: Setting CVar [[s.LevelStreamingActorsUpdateTimeLimit:5.0]]
[2024.06.25-20.14.23:917][  0]LogConfig: Setting CVar [[s.PriorityLevelStreamingActorsUpdateExtraTime:5.0]]
[2024.06.25-20.14.23:917][  0]LogConfig: Setting CVar [[s.LevelStreamingComponentsRegistrationGranularity:10]]
[2024.06.25-20.14.23:917][  0]LogConfig: Setting CVar [[s.UnregisterComponentsTimeLimit:1.0]]
[2024.06.25-20.14.23:917][  0]LogConfig: Setting CVar [[s.LevelStreamingComponentsUnregistrationGranularity:5]]
[2024.06.25-20.14.23:917][  0]LogConfig: Setting CVar [[s.FlushStreamingOnExit:1]]
[2024.06.25-20.14.23:917][  0]LogConfig: Applying CVar settings from Section [/Script/Engine.GarbageCollectionSettings] File [C:/Users/MY LENOVO/Desktop/project_uni/landscape/Saved/Config/Windows/Engine.ini]
[2024.06.25-20.14.23:917][  0]LogConfig: Setting CVar [[gc.MaxObjectsNotConsideredByGC:1]]
[2024.06.25-20.14.23:917][  0]LogConfig: Setting CVar [[gc.SizeOfPermanentObjectPool:0]]
[2024.06.25-20.14.23:917][  0]LogConfig: Setting CVar [[gc.FlushStreamingOnGC:0]]
[2024.06.25-20.14.23:917][  0]LogConfig: Setting CVar [[gc.NumRetriesBeforeForcingGC:10]]
[2024.06.25-20.14.23:917][  0]LogConfig: Setting CVar [[gc.AllowParallelGC:1]]
[2024.06.25-20.14.23:917][  0]LogConfig: Setting CVar [[gc.TimeBetweenPurgingPendingKillObjects:61.1]]
[2024.06.25-20.14.23:917][  0]LogConfig: Setting CVar [[gc.MaxObjectsInEditor:25165824]]
[2024.06.25-20.14.23:917][  0]LogConfig: Setting CVar [[gc.IncrementalBeginDestroyEnabled:1]]
[2024.06.25-20.14.23:917][  0]LogConfig: Setting CVar [[gc.CreateGCClusters:1]]
[2024.06.25-20.14.23:917][  0]LogConfig: Setting CVar [[gc.MinGCClusterSize:5]]
[2024.06.25-20.14.23:917][  0]LogConfig: Setting CVar [[gc.ActorClusteringEnabled:0]]
[2024.06.25-20.14.23:917][  0]LogConfig: Setting CVar [[gc.BlueprintClusteringEnabled:0]]
[2024.06.25-20.14.23:917][  0]LogConfig: Setting CVar [[gc.UseDisregardForGCOnDedicatedServers:0]]
[2024.06.25-20.14.23:917][  0]LogConfig: Setting CVar [[gc.MultithreadedDestructionEnabled:1]]
[2024.06.25-20.14.23:917][  0]LogConfig: Applying CVar settings from Section [/Script/Engine.NetworkSettings] File [C:/Users/MY LENOVO/Desktop/project_uni/landscape/Saved/Config/Windows/Engine.ini]
[2024.06.25-20.14.23:917][  0]LogConfig: Applying CVar settings from Section [/Script/UnrealEd.CookerSettings] File [C:/Users/MY LENOVO/Desktop/project_uni/landscape/Saved/Config/Windows/Engine.ini]
[2024.06.25-20.14.23:936][  0]LogConfig: Applying CVar settings from Section [ViewDistanceQuality@3] File [C:/Users/MY LENOVO/Desktop/project_uni/landscape/Saved/Config/Windows/Scalability.ini]
[2024.06.25-20.14.23:936][  0]LogConfig: Setting CVar [[r.SkeletalMeshLODBias:0]]
[2024.06.25-20.14.23:936][  0]LogConfig: Setting CVar [[r.ViewDistanceScale:1.0]]
[2024.06.25-20.14.23:936][  0]LogConfig: Applying CVar settings from Section [AntiAliasingQuality@3] File [C:/Users/MY LENOVO/Desktop/project_uni/landscape/Saved/Config/Windows/Scalability.ini]
[2024.06.25-20.14.23:937][  0]LogConfig: Setting CVar [[r.PostProcessAAQuality:4]]
[2024.06.25-20.14.23:937][  0]LogConfig: Applying CVar settings from Section [ShadowQuality@3] File [C:/Users/MY LENOVO/Desktop/project_uni/landscape/Saved/Config/Windows/Scalability.ini]
[2024.06.25-20.14.23:937][  0]LogConfig: Setting CVar [[r.LightFunctionQuality:1]]
[2024.06.25-20.14.23:937][  0]LogConfig: Setting CVar [[r.ShadowQuality:5]]
[2024.06.25-20.14.23:937][  0]LogConfig: Setting CVar [[r.Shadow.CSM.MaxCascades:10]]
[2024.06.25-20.14.23:937][  0]LogConfig: Setting CVar [[r.Shadow.MaxResolution:2048]]
[2024.06.25-20.14.23:937][  0]LogConfig: Setting CVar [[r.Shadow.MaxCSMResolution:2048]]
[2024.06.25-20.14.23:937][  0]LogConfig: Setting CVar [[r.Shadow.RadiusThreshold:0.01]]
[2024.06.25-20.14.23:937][  0]LogConfig: Setting CVar [[r.Shadow.DistanceScale:1.0]]
[2024.06.25-20.14.23:937][  0]LogConfig: Setting CVar [[r.Shadow.CSM.TransitionScale:1.0]]
[2024.06.25-20.14.23:937][  0]LogConfig: Setting CVar [[r.Shadow.PreShadowResolutionFactor:1.0]]
[2024.06.25-20.14.23:937][  0]LogConfig: Setting CVar [[r.DistanceFieldShadowing:1]]
[2024.06.25-20.14.23:937][  0]LogConfig: Setting CVar [[r.DistanceFieldAO:1]]
[2024.06.25-20.14.23:937][  0]LogConfig: Setting CVar [[r.AOQuality:2]]
[2024.06.25-20.14.23:937][  0]LogConfig: Setting CVar [[r.VolumetricFog:1]]
[2024.06.25-20.14.23:937][  0]LogConfig: Setting CVar [[r.VolumetricFog.GridPixelSize:8]]
[2024.06.25-20.14.23:937][  0]LogConfig: Setting CVar [[r.VolumetricFog.GridSizeZ:128]]
[2024.06.25-20.14.23:937][  0]LogConfig: Setting CVar [[r.VolumetricFog.HistoryMissSupersampleCount:4]]
[2024.06.25-20.14.23:937][  0]LogConfig: Setting CVar [[r.LightMaxDrawDistanceScale:1]]
[2024.06.25-20.14.23:937][  0]LogConfig: Setting CVar [[r.CapsuleShadows:1]]
[2024.06.25-20.14.23:937][  0]LogConfig: Applying CVar settings from Section [PostProcessQuality@3] File [C:/Users/MY LENOVO/Desktop/project_uni/landscape/Saved/Config/Windows/Scalability.ini]
[2024.06.25-20.14.23:937][  0]LogConfig: Setting CVar [[r.MotionBlurQuality:4]]
[2024.06.25-20.14.23:937][  0]LogConfig: Setting CVar [[r.AmbientOcclusionMipLevelFactor:0.4]]
[2024.06.25-20.14.23:937][  0]LogConfig: Setting CVar [[r.AmbientOcclusionMaxQuality:100]]
[2024.06.25-20.14.23:937][  0]LogConfig: Setting CVar [[r.AmbientOcclusionLevels:-1]]
[2024.06.25-20.14.23:937][  0]LogConfig: Setting CVar [[r.AmbientOcclusionRadiusScale:1.0]]
[2024.06.25-20.14.23:937][  0]LogConfig: Setting CVar [[r.DepthOfFieldQuality:2]]
[2024.06.25-20.14.23:937][  0]LogConfig: Setting CVar [[r.RenderTargetPoolMin:400]]
[2024.06.25-20.14.23:937][  0]LogConfig: Setting CVar [[r.LensFlareQuality:2]]
[2024.06.25-20.14.23:937][  0]LogConfig: Setting CVar [[r.SceneColorFringeQuality:1]]
[2024.06.25-20.14.23:937][  0]LogConfig: Setting CVar [[r.EyeAdaptationQuality:2]]
[2024.06.25-20.14.23:937][  0]LogConfig: Setting CVar [[r.BloomQuality:5]]
[2024.06.25-20.14.23:937][  0]LogConfig: Setting CVar [[r.FastBlurThreshold:100]]
[2024.06.25-20.14.23:937][  0]LogConfig: Setting CVar [[r.Upscale.Quality:3]]
[2024.06.25-20.14.23:937][  0]LogConfig: Setting CVar [[r.Tonemapper.GrainQuantization:1]]
[2024.06.25-20.14.23:937][  0]LogConfig: Setting CVar [[r.LightShaftQuality:1]]
[2024.06.25-20.14.23:937][  0]LogConfig: Setting CVar [[r.Filter.SizeScale:1]]
[2024.06.25-20.14.23:937][  0]LogConfig: Setting CVar [[r.Tonemapper.Quality:5]]
[2024.06.25-20.14.23:937][  0]LogConfig: Setting CVar [[r.DOF.Gather.AccumulatorQuality:1        ; higher gathering accumulator quality]]
[2024.06.25-20.14.23:937][  0]LogConfig: Setting CVar [[r.DOF.Gather.PostfilterMethod:1          ; Median3x3 postfilering method]]
[2024.06.25-20.14.23:937][  0]LogConfig: Setting CVar [[r.DOF.Gather.EnableBokehSettings:0       ; no bokeh simulation when gathering]]
[2024.06.25-20.14.23:937][  0]LogConfig: Setting CVar [[r.DOF.Gather.RingCount:4                 ; medium number of samples when gathering]]
[2024.06.25-20.14.23:937][  0]LogConfig: Setting CVar [[r.DOF.Scatter.ForegroundCompositing:1    ; additive foreground scattering]]
[2024.06.25-20.14.23:937][  0]LogConfig: Setting CVar [[r.DOF.Scatter.BackgroundCompositing:2    ; additive background scattering]]
[2024.06.25-20.14.23:937][  0]LogConfig: Setting CVar [[r.DOF.Scatter.EnableBokehSettings:1      ; bokeh simulation when scattering]]
[2024.06.25-20.14.23:937][  0]LogConfig: Setting CVar [[r.DOF.Scatter.MaxSpriteRatio:0.1         ; only a maximum of 10% of scattered bokeh]]
[2024.06.25-20.14.23:937][  0]LogConfig: Setting CVar [[r.DOF.Recombine.Quality:1                ; cheap slight out of focus]]
[2024.06.25-20.14.23:937][  0]LogConfig: Setting CVar [[r.DOF.Recombine.EnableBokehSettings:0    ; no bokeh simulation on slight out of focus]]
[2024.06.25-20.14.23:937][  0]LogConfig: Setting CVar [[r.DOF.TemporalAAQuality:1                ; more stable temporal accumulation]]
[2024.06.25-20.14.23:937][  0]LogConfig: Setting CVar [[r.DOF.Kernel.MaxForegroundRadius:0.025]]
[2024.06.25-20.14.23:937][  0]LogConfig: Setting CVar [[r.DOF.Kernel.MaxBackgroundRadius:0.025]]
[2024.06.25-20.14.23:937][  0]LogConfig: Applying CVar settings from Section [TextureQuality@3] File [C:/Users/MY LENOVO/Desktop/project_uni/landscape/Saved/Config/Windows/Scalability.ini]
[2024.06.25-20.14.23:937][  0]LogConfig: Setting CVar [[r.Streaming.MipBias:0]]
[2024.06.25-20.14.23:937][  0]LogConfig: Setting CVar [[r.Streaming.AmortizeCPUToGPUCopy:0]]
[2024.06.25-20.14.23:937][  0]LogConfig: Setting CVar [[r.Streaming.MaxNumTexturesToStreamPerFrame:0]]
[2024.06.25-20.14.23:937][  0]LogConfig: Setting CVar [[r.Streaming.Boost:1]]
[2024.06.25-20.14.23:937][  0]LogConfig: Setting CVar [[r.MaxAnisotropy:8]]
[2024.06.25-20.14.23:937][  0]LogConfig: Setting CVar [[r.VT.MaxAnisotropy:8]]
[2024.06.25-20.14.23:937][  0]LogConfig: Setting CVar [[r.Streaming.LimitPoolSizeToVRAM:0]]
[2024.06.25-20.14.23:938][  0]LogConfig: Setting CVar [[r.Streaming.PoolSize:1000]]
[2024.06.25-20.14.23:938][  0]LogConfig: Setting CVar [[r.Streaming.MaxEffectiveScreenSize:0]]
[2024.06.25-20.14.23:938][  0]LogConfig: Applying CVar settings from Section [EffectsQuality@3] File [C:/Users/MY LENOVO/Desktop/project_uni/landscape/Saved/Config/Windows/Scalability.ini]
[2024.06.25-20.14.23:938][  0]LogConfig: Setting CVar [[r.TranslucencyLightingVolumeDim:64]]
[2024.06.25-20.14.23:938][  0]LogConfig: Setting CVar [[r.RefractionQuality:2]]
[2024.06.25-20.14.23:938][  0]LogConfig: Setting CVar [[r.SSR.Quality:3]]
[2024.06.25-20.14.23:938][  0]LogConfig: Setting CVar [[r.SSR.HalfResSceneColor:0]]
[2024.06.25-20.14.23:938][  0]LogConfig: Setting CVar [[r.SceneColorFormat:4]]
[2024.06.25-20.14.23:938][  0]LogConfig: Setting CVar [[r.DetailMode:2]]
[2024.06.25-20.14.23:938][  0]LogConfig: Setting CVar [[r.TranslucencyVolumeBlur:1]]
[2024.06.25-20.14.23:938][  0]LogConfig: Setting CVar [[r.MaterialQualityLevel:1 ; High quality]]
[2024.06.25-20.14.23:938][  0]LogConfig: Setting CVar [[r.AnisotropicMaterials:1]]
[2024.06.25-20.14.23:938][  0]LogConfig: Setting CVar [[r.SSS.Scale:1]]
[2024.06.25-20.14.23:938][  0]LogConfig: Setting CVar [[r.SSS.SampleSet:2]]
[2024.06.25-20.14.23:938][  0]LogConfig: Setting CVar [[r.SSS.Quality:1]]
[2024.06.25-20.14.23:938][  0]LogConfig: Setting CVar [[r.SSS.HalfRes:0]]
[2024.06.25-20.14.23:938][  0]LogConfig: Setting CVar [[r.SSGI.Quality:3]]
[2024.06.25-20.14.23:938][  0]LogConfig: Setting CVar [[r.EmitterSpawnRateScale:1.0]]
[2024.06.25-20.14.23:938][  0]LogConfig: Setting CVar [[r.ParticleLightQuality:2]]
[2024.06.25-20.14.23:938][  0]LogConfig: Setting CVar [[r.SkyAtmosphere.AerialPerspectiveLUT.FastApplyOnOpaque:1 ; Always have FastSkyLUT 1 in this case to avoid wrong sky]]
[2024.06.25-20.14.23:938][  0]LogConfig: Setting CVar [[r.SkyAtmosphere.AerialPerspectiveLUT.SampleCountMaxPerSlice:4]]
[2024.06.25-20.14.23:938][  0]LogConfig: Setting CVar [[r.SkyAtmosphere.AerialPerspectiveLUT.DepthResolution:16.0]]
[2024.06.25-20.14.23:938][  0]LogConfig: Setting CVar [[r.SkyAtmosphere.FastSkyLUT:1]]
[2024.06.25-20.14.23:938][  0]LogConfig: Setting CVar [[r.SkyAtmosphere.FastSkyLUT.SampleCountMin:4.0]]
[2024.06.25-20.14.23:938][  0]LogConfig: Setting CVar [[r.SkyAtmosphere.FastSkyLUT.SampleCountMax:128.0]]
[2024.06.25-20.14.23:938][  0]LogConfig: Setting CVar [[r.SkyAtmosphere.SampleCountMin:4.0]]
[2024.06.25-20.14.23:938][  0]LogConfig: Setting CVar [[r.SkyAtmosphere.SampleCountMax:128.0]]
[2024.06.25-20.14.23:938][  0]LogConfig: Setting CVar [[r.SkyAtmosphere.TransmittanceLUT.UseSmallFormat:0]]
[2024.06.25-20.14.23:938][  0]LogConfig: Setting CVar [[r.SkyAtmosphere.TransmittanceLUT.SampleCount:10.0]]
[2024.06.25-20.14.23:938][  0]LogConfig: Setting CVar [[r.SkyAtmosphere.MultiScatteringLUT.SampleCount:15.0]]
[2024.06.25-20.14.23:938][  0]LogConfig: Setting CVar [[r.SkyLight.RealTimeReflectionCapture:1]]
[2024.06.25-20.14.23:938][  0]LogConfig: Applying CVar settings from Section [FoliageQuality@3] File [C:/Users/MY LENOVO/Desktop/project_uni/landscape/Saved/Config/Windows/Scalability.ini]
[2024.06.25-20.14.23:938][  0]LogConfig: Setting CVar [[foliage.DensityScale:1.0]]
[2024.06.25-20.14.23:938][  0]LogConfig: Setting CVar [[grass.DensityScale:1.0]]
[2024.06.25-20.14.23:938][  0]LogConfig: Applying CVar settings from Section [ShadingQuality@3] File [C:/Users/MY LENOVO/Desktop/project_uni/landscape/Saved/Config/Windows/Scalability.ini]
[2024.06.25-20.14.23:938][  0]LogConfig: Setting CVar [[r.HairStrands.SkyLighting.IntegrationType:2]]
[2024.06.25-20.14.23:938][  0]LogConfig: Setting CVar [[r.HairStrands.SkyAO.SampleCount:4]]
[2024.06.25-20.14.23:938][  0]LogConfig: Setting CVar [[r.HairStrands.Visibility.MSAA.SamplePerPixel:4]]
[2024.06.25-20.14.23:938][  0]LogInit: Selected Device Profile: [Windows]
[2024.06.25-20.14.23:938][  0]LogInit: Applying CVar settings loaded from the selected device profile: [Windows]
[2024.06.25-20.14.23:938][  0]LogHAL: Display: Platform has ~ 16 GB [17053241344 / 17179869184 / 16], which maps to Larger [LargestMinGB=32, LargerMinGB=12, DefaultMinGB=8, SmallerMinGB=6, SmallestMinGB=0)
[2024.06.25-20.14.23:938][  0]LogInit: Going up to parent DeviceProfile []
[2024.06.25-20.14.23:938][  0]LogConfig: Applying CVar settings from Section [ViewDistanceQuality@3] File [C:/Users/MY LENOVO/Desktop/project_uni/landscape/Saved/Config/Windows/Scalability.ini]
[2024.06.25-20.14.23:938][  0]LogConfig: Setting CVar [[r.SkeletalMeshLODBias:0]]
[2024.06.25-20.14.23:938][  0]LogConfig: Setting CVar [[r.ViewDistanceScale:1.0]]
[2024.06.25-20.14.23:938][  0]LogConfig: Applying CVar settings from Section [AntiAliasingQuality@3] File [C:/Users/MY LENOVO/Desktop/project_uni/landscape/Saved/Config/Windows/Scalability.ini]
[2024.06.25-20.14.23:938][  0]LogConfig: Setting CVar [[r.PostProcessAAQuality:4]]
[2024.06.25-20.14.23:938][  0]LogConfig: Applying CVar settings from Section [ShadowQuality@3] File [C:/Users/MY LENOVO/Desktop/project_uni/landscape/Saved/Config/Windows/Scalability.ini]
[2024.06.25-20.14.23:938][  0]LogConfig: Setting CVar [[r.LightFunctionQuality:1]]
[2024.06.25-20.14.23:938][  0]LogConfig: Setting CVar [[r.ShadowQuality:5]]
[2024.06.25-20.14.23:939][  0]LogConfig: Setting CVar [[r.Shadow.CSM.MaxCascades:10]]
[2024.06.25-20.14.23:939][  0]LogConfig: Setting CVar [[r.Shadow.MaxResolution:2048]]
[2024.06.25-20.14.23:939][  0]LogConfig: Setting CVar [[r.Shadow.MaxCSMResolution:2048]]
[2024.06.25-20.14.23:939][  0]LogConfig: Setting CVar [[r.Shadow.RadiusThreshold:0.01]]
[2024.06.25-20.14.23:939][  0]LogConfig: Setting CVar [[r.Shadow.DistanceScale:1.0]]
[2024.06.25-20.14.23:939][  0]LogConfig: Setting CVar [[r.Shadow.CSM.TransitionScale:1.0]]
[2024.06.25-20.14.23:939][  0]LogConfig: Setting CVar [[r.Shadow.PreShadowResolutionFactor:1.0]]
[2024.06.25-20.14.23:939][  0]LogConfig: Setting CVar [[r.DistanceFieldShadowing:1]]
[2024.06.25-20.14.23:939][  0]LogConfig: Setting CVar [[r.DistanceFieldAO:1]]
[2024.06.25-20.14.23:939][  0]LogConfig: Setting CVar [[r.AOQuality:2]]
[2024.06.25-20.14.23:939][  0]LogConfig: Setting CVar [[r.VolumetricFog:1]]
[2024.06.25-20.14.23:939][  0]LogConfig: Setting CVar [[r.VolumetricFog.GridPixelSize:8]]
[2024.06.25-20.14.23:939][  0]LogConfig: Setting CVar [[r.VolumetricFog.GridSizeZ:128]]
[2024.06.25-20.14.23:939][  0]LogConfig: Setting CVar [[r.VolumetricFog.HistoryMissSupersampleCount:4]]
[2024.06.25-20.14.23:939][  0]LogConfig: Setting CVar [[r.LightMaxDrawDistanceScale:1]]
[2024.06.25-20.14.23:939][  0]LogConfig: Setting CVar [[r.CapsuleShadows:1]]
[2024.06.25-20.14.23:939][  0]LogConfig: Applying CVar settings from Section [PostProcessQuality@3] File [C:/Users/MY LENOVO/Desktop/project_uni/landscape/Saved/Config/Windows/Scalability.ini]
[2024.06.25-20.14.23:939][  0]LogConfig: Setting CVar [[r.MotionBlurQuality:4]]
[2024.06.25-20.14.23:939][  0]LogConfig: Setting CVar [[r.AmbientOcclusionMipLevelFactor:0.4]]
[2024.06.25-20.14.23:939][  0]LogConfig: Setting CVar [[r.AmbientOcclusionMaxQuality:100]]
[2024.06.25-20.14.23:939][  0]LogConfig: Setting CVar [[r.AmbientOcclusionLevels:-1]]
[2024.06.25-20.14.23:939][  0]LogConfig: Setting CVar [[r.AmbientOcclusionRadiusScale:1.0]]
[2024.06.25-20.14.23:939][  0]LogConfig: Setting CVar [[r.DepthOfFieldQuality:2]]
[2024.06.25-20.14.23:939][  0]LogConfig: Setting CVar [[r.RenderTargetPoolMin:400]]
[2024.06.25-20.14.23:939][  0]LogConfig: Setting CVar [[r.LensFlareQuality:2]]
[2024.06.25-20.14.23:939][  0]LogConfig: Setting CVar [[r.SceneColorFringeQuality:1]]
[2024.06.25-20.14.23:939][  0]LogConfig: Setting CVar [[r.EyeAdaptationQuality:2]]
[2024.06.25-20.14.23:939][  0]LogConfig: Setting CVar [[r.BloomQuality:5]]
[2024.06.25-20.14.23:939][  0]LogConfig: Setting CVar [[r.FastBlurThreshold:100]]
[2024.06.25-20.14.23:939][  0]LogConfig: Setting CVar [[r.Upscale.Quality:3]]
[2024.06.25-20.14.23:939][  0]LogConfig: Setting CVar [[r.Tonemapper.GrainQuantization:1]]
[2024.06.25-20.14.23:939][  0]LogConfig: Setting CVar [[r.LightShaftQuality:1]]
[2024.06.25-20.14.23:939][  0]LogConfig: Setting CVar [[r.Filter.SizeScale:1]]
[2024.06.25-20.14.23:939][  0]LogConfig: Setting CVar [[r.Tonemapper.Quality:5]]
[2024.06.25-20.14.23:939][  0]LogConfig: Setting CVar [[r.DOF.Gather.AccumulatorQuality:1        ; higher gathering accumulator quality]]
[2024.06.25-20.14.23:939][  0]LogConfig: Setting CVar [[r.DOF.Gather.PostfilterMethod:1          ; Median3x3 postfilering method]]
[2024.06.25-20.14.23:939][  0]LogConfig: Setting CVar [[r.DOF.Gather.EnableBokehSettings:0       ; no bokeh simulation when gathering]]
[2024.06.25-20.14.23:939][  0]LogConfig: Setting CVar [[r.DOF.Gather.RingCount:4                 ; medium number of samples when gathering]]
[2024.06.25-20.14.23:939][  0]LogConfig: Setting CVar [[r.DOF.Scatter.ForegroundCompositing:1    ; additive foreground scattering]]
[2024.06.25-20.14.23:939][  0]LogConfig: Setting CVar [[r.DOF.Scatter.BackgroundCompositing:2    ; additive background scattering]]
[2024.06.25-20.14.23:939][  0]LogConfig: Setting CVar [[r.DOF.Scatter.EnableBokehSettings:1      ; bokeh simulation when scattering]]
[2024.06.25-20.14.23:939][  0]LogConfig: Setting CVar [[r.DOF.Scatter.MaxSpriteRatio:0.1         ; only a maximum of 10% of scattered bokeh]]
[2024.06.25-20.14.23:939][  0]LogConfig: Setting CVar [[r.DOF.Recombine.Quality:1                ; cheap slight out of focus]]
[2024.06.25-20.14.23:939][  0]LogConfig: Setting CVar [[r.DOF.Recombine.EnableBokehSettings:0    ; no bokeh simulation on slight out of focus]]
[2024.06.25-20.14.23:939][  0]LogConfig: Setting CVar [[r.DOF.TemporalAAQuality:1                ; more stable temporal accumulation]]
[2024.06.25-20.14.23:939][  0]LogConfig: Setting CVar [[r.DOF.Kernel.MaxForegroundRadius:0.025]]
[2024.06.25-20.14.23:939][  0]LogConfig: Setting CVar [[r.DOF.Kernel.MaxBackgroundRadius:0.025]]
[2024.06.25-20.14.23:939][  0]LogConfig: Applying CVar settings from Section [TextureQuality@3] File [C:/Users/MY LENOVO/Desktop/project_uni/landscape/Saved/Config/Windows/Scalability.ini]
[2024.06.25-20.14.23:939][  0]LogConfig: Setting CVar [[r.Streaming.MipBias:0]]
[2024.06.25-20.14.23:939][  0]LogConfig: Setting CVar [[r.Streaming.AmortizeCPUToGPUCopy:0]]
[2024.06.25-20.14.23:939][  0]LogConfig: Setting CVar [[r.Streaming.MaxNumTexturesToStreamPerFrame:0]]
[2024.06.25-20.14.23:939][  0]LogConfig: Setting CVar [[r.Streaming.Boost:1]]
[2024.06.25-20.14.23:939][  0]LogConfig: Setting CVar [[r.MaxAnisotropy:8]]
[2024.06.25-20.14.23:939][  0]LogConfig: Setting CVar [[r.VT.MaxAnisotropy:8]]
[2024.06.25-20.14.23:939][  0]LogConfig: Setting CVar [[r.Streaming.LimitPoolSizeToVRAM:0]]
[2024.06.25-20.14.23:939][  0]LogConfig: Setting CVar [[r.Streaming.PoolSize:1000]]
[2024.06.25-20.14.23:939][  0]LogConfig: Setting CVar [[r.Streaming.MaxEffectiveScreenSize:0]]
[2024.06.25-20.14.23:939][  0]LogConfig: Applying CVar settings from Section [EffectsQuality@3] File [C:/Users/MY LENOVO/Desktop/project_uni/landscape/Saved/Config/Windows/Scalability.ini]
[2024.06.25-20.14.23:939][  0]LogConfig: Setting CVar [[r.TranslucencyLightingVolumeDim:64]]
[2024.06.25-20.14.23:939][  0]LogConfig: Setting CVar [[r.RefractionQuality:2]]
[2024.06.25-20.14.23:939][  0]LogConfig: Setting CVar [[r.SSR.Quality:3]]
[2024.06.25-20.14.23:940][  0]LogConfig: Setting CVar [[r.SSR.HalfResSceneColor:0]]
[2024.06.25-20.14.23:940][  0]LogConfig: Setting CVar [[r.SceneColorFormat:4]]
[2024.06.25-20.14.23:940][  0]LogConfig: Setting CVar [[r.DetailMode:2]]
[2024.06.25-20.14.23:940][  0]LogConfig: Setting CVar [[r.TranslucencyVolumeBlur:1]]
[2024.06.25-20.14.23:940][  0]LogConfig: Setting CVar [[r.MaterialQualityLevel:1 ; High quality]]
[2024.06.25-20.14.23:940][  0]LogConfig: Setting CVar [[r.AnisotropicMaterials:1]]
[2024.06.25-20.14.23:940][  0]LogConfig: Setting CVar [[r.SSS.Scale:1]]
[2024.06.25-20.14.23:940][  0]LogConfig: Setting CVar [[r.SSS.SampleSet:2]]
[2024.06.25-20.14.23:940][  0]LogConfig: Setting CVar [[r.SSS.Quality:1]]
[2024.06.25-20.14.23:940][  0]LogConfig: Setting CVar [[r.SSS.HalfRes:0]]
[2024.06.25-20.14.23:940][  0]LogConfig: Setting CVar [[r.SSGI.Quality:3]]
[2024.06.25-20.14.23:940][  0]LogConfig: Setting CVar [[r.EmitterSpawnRateScale:1.0]]
[2024.06.25-20.14.23:940][  0]LogConfig: Setting CVar [[r.ParticleLightQuality:2]]
[2024.06.25-20.14.23:940][  0]LogConfig: Setting CVar [[r.SkyAtmosphere.AerialPerspectiveLUT.FastApplyOnOpaque:1 ; Always have FastSkyLUT 1 in this case to avoid wrong sky]]
[2024.06.25-20.14.23:940][  0]LogConfig: Setting CVar [[r.SkyAtmosphere.AerialPerspectiveLUT.SampleCountMaxPerSlice:4]]
[2024.06.25-20.14.23:940][  0]LogConfig: Setting CVar [[r.SkyAtmosphere.AerialPerspectiveLUT.DepthResolution:16.0]]
[2024.06.25-20.14.23:940][  0]LogConfig: Setting CVar [[r.SkyAtmosphere.FastSkyLUT:1]]
[2024.06.25-20.14.23:940][  0]LogConfig: Setting CVar [[r.SkyAtmosphere.FastSkyLUT.SampleCountMin:4.0]]
[2024.06.25-20.14.23:940][  0]LogConfig: Setting CVar [[r.SkyAtmosphere.FastSkyLUT.SampleCountMax:128.0]]
[2024.06.25-20.14.23:940][  0]LogConfig: Setting CVar [[r.SkyAtmosphere.SampleCountMin:4.0]]
[2024.06.25-20.14.23:940][  0]LogConfig: Setting CVar [[r.SkyAtmosphere.SampleCountMax:128.0]]
[2024.06.25-20.14.23:940][  0]LogConfig: Setting CVar [[r.SkyAtmosphere.TransmittanceLUT.UseSmallFormat:0]]
[2024.06.25-20.14.23:940][  0]LogConfig: Setting CVar [[r.SkyAtmosphere.TransmittanceLUT.SampleCount:10.0]]
[2024.06.25-20.14.23:940][  0]LogConfig: Setting CVar [[r.SkyAtmosphere.MultiScatteringLUT.SampleCount:15.0]]
[2024.06.25-20.14.23:940][  0]LogConfig: Setting CVar [[r.SkyLight.RealTimeReflectionCapture:1]]
[2024.06.25-20.14.23:940][  0]LogConfig: Applying CVar settings from Section [FoliageQuality@3] File [C:/Users/MY LENOVO/Desktop/project_uni/landscape/Saved/Config/Windows/Scalability.ini]
[2024.06.25-20.14.23:940][  0]LogConfig: Setting CVar [[foliage.DensityScale:1.0]]
[2024.06.25-20.14.23:940][  0]LogConfig: Setting CVar [[grass.DensityScale:1.0]]
[2024.06.25-20.14.23:940][  0]LogConfig: Applying CVar settings from Section [ShadingQuality@3] File [C:/Users/MY LENOVO/Desktop/project_uni/landscape/Saved/Config/Windows/Scalability.ini]
[2024.06.25-20.14.23:940][  0]LogConfig: Setting CVar [[r.HairStrands.SkyLighting.IntegrationType:2]]
[2024.06.25-20.14.23:940][  0]LogConfig: Setting CVar [[r.HairStrands.SkyAO.SampleCount:4]]
[2024.06.25-20.14.23:940][  0]LogConfig: Setting CVar [[r.HairStrands.Visibility.MSAA.SamplePerPixel:4]]
[2024.06.25-20.14.23:940][  0]LogConfig: Applying CVar settings from Section [Startup] File [../../../Engine/Config/ConsoleVariables.ini]
[2024.06.25-20.14.23:940][  0]LogConfig: Setting CVar [[net.UseAdaptiveNetUpdateFrequency:0]]
[2024.06.25-20.14.23:940][  0]LogConfig: Setting CVar [[p.chaos.AllowCreatePhysxBodies:1]]
[2024.06.25-20.14.23:940][  0]LogConfig: Setting CVar [[fx.SkipVectorVMBackendOptimizations:1]]
[2024.06.25-20.14.23:940][  0]LogConfig: Applying CVar settings from Section [ConsoleVariables] File [C:/Users/MY LENOVO/Desktop/project_uni/landscape/Saved/Config/Windows/Engine.ini]
[2024.06.25-20.14.23:940][  0]LogConfig: Applying CVar settings from Section [ConsoleVariables] File [C:/Users/MY LENOVO/Desktop/project_uni/landscape/Saved/Config/Windows/Editor.ini]
[2024.06.25-20.14.23:941][  0]LogInit: Computer: SHIBA
[2024.06.25-20.14.23:941][  0]LogInit: User: MYLENOVO
[2024.06.25-20.14.23:941][  0]LogInit: CPU Page size=4096, Cores=6
[2024.06.25-20.14.23:941][  0]LogInit: High frequency timer resolution =10.000000 MHz
[2024.06.25-20.14.23:941][  0]LogMemory: Memory total: Physical=15.9GB (16GB approx)
[2024.06.25-20.14.23:941][  0]LogMemory: Platform Memory Stats for Windows
[2024.06.25-20.14.23:941][  0]LogMemory: Process Physical Memory: 146.21 MB used, 146.21 MB peak
[2024.06.25-20.14.23:941][  0]LogMemory: Process Virtual Memory: 120.84 MB used, 120.84 MB peak
[2024.06.25-20.14.23:941][  0]LogMemory: Physical Memory: 9448.40 MB used,  6814.84 MB free, 16263.24 MB total
[2024.06.25-20.14.23:941][  0]LogMemory: Virtual Memory: 134207216.00 MB used,  10514.15 MB free, 134217728.00 MB total
[2024.06.25-20.14.23:952][  0]LogWindows: WindowsPlatformFeatures enabled
[2024.06.25-20.14.23:991][  0]LogInit: Physics initialised using underlying interface: PhysX
[2024.06.25-20.14.23:991][  0]LogInit: Using OS detected language (en-US).
[2024.06.25-20.14.23:991][  0]LogInit: Using OS detected locale (fa-IR).
[2024.06.25-20.14.23:994][  0]LogTextLocalizationManager: No specific localization for 'en-US' exists, so the 'en' localization will be used.
[2024.06.25-20.14.24:279][  0]LogInit: Setting process to per monitor DPI aware
[2024.06.25-20.14.24:293][  0]LogWindowsTextInputMethodSystem: Display: IME system deactivated.
[2024.06.25-20.14.24:311][  0]LogSlate: New Slate User Created.  User Index 0, Is Virtual User: 0
[2024.06.25-20.14.24:311][  0]LogSlate: Slate User Registered.  User Index 0, Is Virtual User: 0
[2024.06.25-20.14.24:515][  0]LogD3D11RHI: Loaded GFSDK_Aftermath_Lib.x64.dll
[2024.06.25-20.14.24:657][  0]LogHMD: Failed to initialize OpenVR with code 110
[2024.06.25-20.14.24:657][  0]LogD3D11RHI: D3D11 min allowed feature level: 11_0
[2024.06.25-20.14.24:657][  0]LogD3D11RHI: D3D11 max allowed feature level: 11_0
[2024.06.25-20.14.24:657][  0]LogD3D11RHI: D3D11 adapters:
[2024.06.25-20.14.24:788][  0]LogD3D11RHI:    0. 'NVIDIA GeForce GTX 1650' (Feature Level 11_0)
[2024.06.25-20.14.24:788][  0]LogD3D11RHI:       3962/0/8131 MB DedicatedVideo/DedicatedSystem/SharedSystem, Outputs:1, VendorId:0x10de
[2024.06.25-20.14.24:866][  0]LogD3D11RHI:    1. 'Intel(R) UHD Graphics 630' (Feature Level 11_0)
[2024.06.25-20.14.24:866][  0]LogD3D11RHI:       128/0/8131 MB DedicatedVideo/DedicatedSystem/SharedSystem, Outputs:0, VendorId:0x8086
[2024.06.25-20.14.24:870][  0]LogD3D11RHI:    2. 'Microsoft Basic Render Driver' (Feature Level 11_0)
[2024.06.25-20.14.24:870][  0]LogD3D11RHI:       0/0/8131 MB DedicatedVideo/DedicatedSystem/SharedSystem, Outputs:0, VendorId:0x1414
[2024.06.25-20.14.24:870][  0]LogD3D11RHI: Chosen D3D11 Adapter:
[2024.06.25-20.14.24:870][  0]LogD3D11RHI:     Description : NVIDIA GeForce GTX 1650
[2024.06.25-20.14.24:870][  0]LogD3D11RHI:     VendorId    : 10de
[2024.06.25-20.14.24:870][  0]LogD3D11RHI:     DeviceId    : 1f91
[2024.06.25-20.14.24:870][  0]LogD3D11RHI:     SubSysId    : 3a2e17aa
[2024.06.25-20.14.24:870][  0]LogD3D11RHI:     Revision    : 00a1
[2024.06.25-20.14.24:870][  0]LogD3D11RHI:     DedicatedVideoMemory : 4154458112 bytes
[2024.06.25-20.14.24:870][  0]LogD3D11RHI:     DedicatedSystemMemory : 0 bytes
[2024.06.25-20.14.24:870][  0]LogD3D11RHI:     SharedSystemMemory : 8526620672 bytes
[2024.06.25-20.14.24:870][  0]LogD3D11RHI:     AdapterLuid : 0 75213
[2024.06.25-20.14.24:878][  0]LogD3D11RHI: Creating new Direct3DDevice
[2024.06.25-20.14.24:878][  0]LogD3D11RHI:     GPU DeviceId: 0x1f91 (for the marketing name, search the web for "GPU Device Id")
[2024.06.25-20.14.24:878][  0]LogWindows: EnumDisplayDevices:
[2024.06.25-20.14.24:878][  0]LogWindows:    0. 'Intel(R) UHD Graphics 630' (P:1 D:1)
[2024.06.25-20.14.24:879][  0]LogWindows:    1. 'Intel(R) UHD Graphics 630' (P:0 D:0)
[2024.06.25-20.14.24:879][  0]LogWindows:    2. 'Intel(R) UHD Graphics 630' (P:0 D:0)
[2024.06.25-20.14.24:880][  0]LogWindows:    3. 'NVIDIA GeForce GTX 1650' (P:0 D:0)
[2024.06.25-20.14.24:881][  0]LogWindows: DebugString: PrimaryIsNotTheChoosenAdapter PrimaryIsNotTheChoosenAdapter PrimaryIsNotTheChoosenAdapter 
[2024.06.25-20.14.24:881][  0]LogD3D11RHI:     Adapter Name: NVIDIA GeForce GTX 1650
[2024.06.25-20.14.24:881][  0]LogD3D11RHI:   Driver Version: 457.49 (internal:27.21.14.5749, unified:457.49)
[2024.06.25-20.14.24:881][  0]LogD3D11RHI:      Driver Date: 11-20-2020
[2024.06.25-20.14.24:881][  0]LogRHI: Texture pool is 2773 MB (70% of 3962 MB)
[2024.06.25-20.14.24:881][  0]LogD3D11RHI: Creating D3DDevice using adapter:
[2024.06.25-20.14.24:881][  0]LogD3D11RHI:     Description : NVIDIA GeForce GTX 1650
[2024.06.25-20.14.24:881][  0]LogD3D11RHI:     VendorId    : 10de
[2024.06.25-20.14.24:881][  0]LogD3D11RHI:     DeviceId    : 1f91
[2024.06.25-20.14.24:881][  0]LogD3D11RHI:     SubSysId    : 3a2e17aa
[2024.06.25-20.14.24:881][  0]LogD3D11RHI:     Revision    : 00a1
[2024.06.25-20.14.24:881][  0]LogD3D11RHI:     DedicatedVideoMemory : 4154458112 bytes
[2024.06.25-20.14.24:881][  0]LogD3D11RHI:     DedicatedSystemMemory : 0 bytes
[2024.06.25-20.14.24:881][  0]LogD3D11RHI:     SharedSystemMemory : 8526620672 bytes
[2024.06.25-20.14.24:881][  0]LogD3D11RHI:     AdapterLuid : 0 75213
[2024.06.25-20.14.24:952][  0]LogD3D11RHI: RHI has support for 64 bit atomics
[2024.06.25-20.14.24:952][  0]LogD3D11RHI: Async texture creation enabled
[2024.06.25-20.14.24:952][  0]LogD3D11RHI: Array index from any shader is supported
[2024.06.25-20.14.24:972][  0]LogD3D11RHI: GPU Timing Frequency: 1000.000000 (Debug: 2 1)
[2024.06.25-20.14.25:073][  0]LogRHI: GeForceNow SDK initialized: 1
[2024.06.25-20.14.25:576][  0]LogTargetPlatformManager: Display: Loaded TargetPlatform 'AllDesktop'
[2024.06.25-20.14.25:610][  0]LogTargetPlatformManager: Display: Loaded TargetPlatform 'Android'
[2024.06.25-20.14.25:610][  0]LogTargetPlatformManager: Display: Loaded TargetPlatform 'Android_ASTC'
[2024.06.25-20.14.25:610][  0]LogTargetPlatformManager: Display: Loaded TargetPlatform 'Android_DXT'
[2024.06.25-20.14.25:610][  0]LogTargetPlatformManager: Display: Loaded TargetPlatform 'Android_ETC2'
[2024.06.25-20.14.25:610][  0]LogTargetPlatformManager: Display: Loaded TargetPlatform 'AndroidClient'
[2024.06.25-20.14.25:610][  0]LogTargetPlatformManager: Display: Loaded TargetPlatform 'Android_ASTCClient'
[2024.06.25-20.14.25:610][  0]LogTargetPlatformManager: Display: Loaded TargetPlatform 'Android_DXTClient'
[2024.06.25-20.14.25:610][  0]LogTargetPlatformManager: Display: Loaded TargetPlatform 'Android_ETC2Client'
[2024.06.25-20.14.25:610][  0]LogTargetPlatformManager: Display: Loaded TargetPlatform 'Android_Multi'
[2024.06.25-20.14.25:610][  0]LogTargetPlatformManager: Display: Loaded TargetPlatform 'Android_MultiClient'
[2024.06.25-20.14.25:639][  0]LogTargetPlatformManager: Display: Loaded TargetPlatform 'IOSClient'
[2024.06.25-20.14.25:639][  0]LogTargetPlatformManager: Display: Loaded TargetPlatform 'IOS'
[2024.06.25-20.14.25:657][  0]LogTargetPlatformManager: Display: Loaded TargetPlatform 'Linux'
[2024.06.25-20.14.25:665][  0]LogTargetPlatformManager: Display: Loaded TargetPlatform 'LinuxNoEditor'
[2024.06.25-20.14.25:673][  0]LogTargetPlatformManager: Display: Loaded TargetPlatform 'LinuxClient'
[2024.06.25-20.14.25:683][  0]LogTargetPlatformManager: Display: Loaded TargetPlatform 'LinuxServer'
[2024.06.25-20.14.25:698][  0]LogTargetPlatformManager: Display: Loaded TargetPlatform 'LinuxAArch64NoEditor'
[2024.06.25-20.14.25:707][  0]LogTargetPlatformManager: Display: Loaded TargetPlatform 'LinuxAArch64Client'
[2024.06.25-20.14.25:717][  0]LogTargetPlatformManager: Display: Loaded TargetPlatform 'LinuxAArch64Server'
[2024.06.25-20.14.25:774][  0]LogTargetPlatformManager: Display: Loaded TargetPlatform 'Lumin'
[2024.06.25-20.14.25:774][  0]LogTargetPlatformManager: Display: Loaded TargetPlatform 'LuminClient'
[2024.06.25-20.14.25:804][  0]LogTargetPlatformManager: Display: Loaded TargetPlatform 'MacNoEditor'
[2024.06.25-20.14.25:819][  0]LogTargetPlatformManager: Display: Loaded TargetPlatform 'Mac'
[2024.06.25-20.14.25:837][  0]LogTargetPlatformManager: Display: Loaded TargetPlatform 'MacClient'
[2024.06.25-20.14.25:855][  0]LogTargetPlatformManager: Display: Loaded TargetPlatform 'MacServer'
[2024.06.25-20.14.25:886][  0]LogTargetPlatformManager: Display: Loaded TargetPlatform 'TVOSClient'
[2024.06.25-20.14.25:886][  0]LogTargetPlatformManager: Display: Loaded TargetPlatform 'TVOS'
[2024.06.25-20.14.25:912][  0]LogTargetPlatformManager: Display: Loaded TargetPlatform 'WindowsNoEditor'
[2024.06.25-20.14.25:924][  0]LogTargetPlatformManager: Display: Loaded TargetPlatform 'Windows'
[2024.06.25-20.14.25:941][  0]LogTargetPlatformManager: Display: Loaded TargetPlatform 'WindowsClient'
[2024.06.25-20.14.25:960][  0]LogTargetPlatformManager: Display: Loaded TargetPlatform 'WindowsServer'
[2024.06.25-20.14.25:960][  0]LogTargetPlatformManager: Display: Building Assets For Windows
[2024.06.25-20.14.25:981][  0]LogAudioDebug: Display: Lib vorbis DLL was dynamically loaded.
[2024.06.25-20.14.26:072][  0]LogTextureFormatOodle: Display: Oodle Texture 2.9.0 init RDO Off
[2024.06.25-20.14.26:195][  0]LogRendererCore: Ray tracing is disabled. Reason: r.RayTracing=0.
[2024.06.25-20.14.26:195][  0]LogShaderCompilers: Guid format shader working directory is 1 characters bigger than the processId version (C:/Users/MY LENOVO/Desktop/project_uni/landscape/Intermediate/Shaders/WorkingDirectory/18940/).
[2024.06.25-20.14.26:196][  0]LogShaderCompilers: Cleaned the shader compiler working directory 'C:/Users/MY LENOVO/AppData/Local/Temp/UnrealShaderWorkingDir/E187ECA2409BA05400377582FB056E5E/'.
[2024.06.25-20.14.26:197][  0]LogXGEController: Cannot use XGE Controller as Incredibuild is not installed on this machine.
[2024.06.25-20.14.26:197][  0]LogShaderCompilers: Cannot use XGE Shader Compiler as Incredibuild is not installed on this machine.
[2024.06.25-20.14.26:197][  0]LogShaderCompilers: Display: Using Local Shader Compiler.
[2024.06.25-20.14.28:539][  0]LogDerivedDataCache: Display: Max Cache Size: 512 MB
[2024.06.25-20.14.28:736][  0]LogDerivedDataCache: Loaded boot cache 0.20s 94MB C:/Users/MY LENOVO/AppData/Local/UnrealEngine/4.27/DerivedDataCache/Boot.ddc.
[2024.06.25-20.14.28:736][  0]LogDerivedDataCache: Display: Loaded Boot cache: C:/Users/MY LENOVO/AppData/Local/UnrealEngine/4.27/DerivedDataCache/Boot.ddc
[2024.06.25-20.14.28:737][  0]LogDerivedDataCache: FDerivedDataBackendGraph:  Pak pak cache file C:/Users/MY LENOVO/Desktop/project_uni/landscape/DerivedDataCache/DDC.ddp not found, will not use a pak cache.
[2024.06.25-20.14.28:737][  0]LogDerivedDataCache: Unable to find inner node Pak for hierarchical cache Hierarchy.
[2024.06.25-20.14.28:737][  0]LogDerivedDataCache: FDerivedDataBackendGraph:  CompressedPak pak cache file C:/Users/MY LENOVO/Desktop/project_uni/landscape/DerivedDataCache/Compressed.ddp not found, will not use a pak cache.
[2024.06.25-20.14.28:737][  0]LogDerivedDataCache: Unable to find inner node CompressedPak for hierarchical cache Hierarchy.
[2024.06.25-20.14.28:794][  0]LogDerivedDataCache: Display: Pak cache opened for reading ../../../Engine/DerivedDataCache/Compressed.ddp.
[2024.06.25-20.14.28:794][  0]LogDerivedDataCache: FDerivedDataBackendGraph:  EnterprisePak pak cache file ../../../Enterprise/DerivedDataCache/Compressed.ddp not found, will not use a pak cache.
[2024.06.25-20.14.28:794][  0]LogDerivedDataCache: Unable to find inner node EnterprisePak for hierarchical cache Hierarchy.
[2024.06.25-20.14.28:821][  0]LogDerivedDataCache: Speed tests for C:/Users/MY LENOVO/AppData/Local/UnrealEngine/Common/DerivedDataCache took 0.03 seconds
[2024.06.25-20.14.28:821][  0]LogDerivedDataCache: Display: Performance to C:/Users/MY LENOVO/AppData/Local/UnrealEngine/Common/DerivedDataCache: Latency=0.12ms. RandomReadSpeed=326.74MBs, RandomWriteSpeed=42.96MBs. Assigned SpeedClass 'Local'
[2024.06.25-20.14.28:826][  0]LogDerivedDataCache: Using Local data cache path C:/Users/MY LENOVO/AppData/Local/UnrealEngine/Common/DerivedDataCache: Writable
[2024.06.25-20.14.28:828][  0]LogDerivedDataCache: Shared data cache path not found in *engine.ini, will not use an Shared cache.
[2024.06.25-20.14.28:828][  0]LogDerivedDataCache: Unable to find inner node Shared for hierarchical cache Hierarchy.
[2024.06.25-20.14.29:060][  0]LogSlate: Using FreeType 2.10.0
[2024.06.25-20.14.29:062][  0]LogSlate: SlateFontServices - WITH_FREETYPE: 1, WITH_HARFBUZZ: 1
[2024.06.25-20.14.29:164][  0]LogAssetRegistry: FAssetRegistry took 0.0152 seconds to start up
[2024.06.25-20.14.30:274][  0]LogInit: Selected Device Profile: [Windows]
[2024.06.25-20.14.30:274][  0]LogInit: Active device profile: [000001E350238D00][000001E34C988540 49] Windows
[2024.06.25-20.14.30:275][  0]LogInit: Profiles: [000001E350238D00][000001E34C988540 49] Windows, [000001E3501F2300][000001E34C984680 49] WindowsNoEditor, [000001E350239C00][000001E34C98C7C0 49] WindowsServer, [000001E3501F3100][000001E34C990900 49] WindowsClient, [000001E35023A900][000001E34C998A80 49] IOS, [000001E3501F1A00][000001E34C99CC00 49] iPadAir, [000001E35023BE00][000001E34C9A0D80 49] iPadAir2, [000001E350199100][000001E34C9A9040 49] IPadPro, [000001E350199200][000001E34C9A5080 49] iPadAir3, [000001E3501F0C00][000001E34C9AD200 49] iPadAir4, [000001E350199E00][000001E34C9B1380 49] iPadMini2, [000001E3501F3300][000001E34E5BB500 49] iPadMini3, [000001E35019B900][000001E34E5BF680 49] iPadMini4, [000001E3501F1000][000001E34E5C3800 49] iPadMini5, [000001E3501A0900][000001E34E5CBAC0 49] iPhone6, [000001E3501A0A00][000001E34E5C7B00 49] iPodTouch6, [000001E35023AE00][000001E34E5D2240 49] iPhone7, [000001E35023AF00][000001E34E5CE280 49] iPodTouch7, [000001E35019BE00][000001E34E5D6400 49] iPhone5S, [000001E350238F00][000001E34E5DA580 49] iPhone6Plus, [000001E3501A0100][000001E34E5DE700 49] iPhone6S, [000001E350198300][000001E34C994840 49] iPhone6SPlus, [000001E3501A2800][000001E34E5E2980 49] iPhone7Plus, [000001E35019A400][000001E34E5E6AC0 49] iPhoneSE, [000001E3501A2600][000001E34E5EEC40 49] iPhone8, [000001E350198400][000001E34E5F2DC0 49] iPhone8Plus, [000001E3501A3100][000001E34E5F6F40 49] iPhoneX, [000001E350239400][000001E34E5FB0C0 49] iPhoneXS, [000001E3501A2B00][000001E34E5FF240 49] iPhoneXSMax, [000001E350238700][000001E34E6033C0 49] iPhoneXR, [000001E3501A0800][000001E34E607540 49] iPhone11, [000001E350239100][000001E34E60B6C0 49] iPhone11Pro, [000001E3501A1A00][000001E34E60F840 49] iPhone11ProMax, [000001E35023B700][000001E34E6139C0 49] iPhoneSE2, [000001E3501A3800][000001E34E617B40 49] iPhone12Mini, [000001E35023A300][000001E34E61A140 49] iPhone12, [000001E3501A3200][000001E34E61E2C0 49] iPhone12Pro, [000001E350239300][000001E34E622440 49] iPhone12ProMax, [000001E3501A1500][000001E34E6265C0 49] iPadPro105, [000001E350238A00][000001E34E62A740 49] iPadPro129, [000001E3501A3D00][000001E34E62E8C0 49] iPadPro97, [000001E35023AA00][000001E34E5EAA00 49] iPadPro2_129, [000001E3501A2900][000001E34E632B40 49] iPad5, [000001E350239E00][000001E34E636C80 49] iPad6, [000001E3501A1300][000001E34E63ADC0 49] iPad7, [000001E350238200][000001E34E642F40 49] iPad8, [000001E3501A0400][000001E34E6470C0 49] iPadPro11, [000001E350239A00][000001E34E64B240 49] iPadPro2_11, [000001E3501A1600][000001E3506613C0 49] iPadPro3_129, [000001E35023A700][000001E350665540 49] iPadPro4_129, [000001E3501A0200][000001E3506696C0 49] AppleTV, [000001E350238900][000001E35066D840 49] AppleTV4K, [000001E3501A1D00][000001E3506719C0 49] TVOS, [000001E35023AD00][000001E350675B40 49] Mac, [000001E3501A3600][000001E350678140 49] MacClient, [000001E35023B900][000001E35067C2C0 49] MacNoEditor, [000001E3501A3500][000001E350680440 49] MacServer, [000001E350239200][000001E3506845C0 49] Linux, [000001E3501A1C00][000001E350688740 49] LinuxAArch64, [000001E35023BC00][000001E35068C8C0 49] LinuxNoEditor, [000001E3501A2300][000001E350690A40 49] LinuxAArch64NoEditor, [000001E350239B00][000001E34E63EB80 49] LinuxClient, [000001E3501A2500][000001E350694CC0 49] LinuxAArch64Client, [000001E350238E00][000001E350698E00 49] LinuxServer, [000001E3501A3900][000001E35069CF40 49] LinuxAArch64Server, [000001E35023B500][000001E3506A50C0 49] Android, [000001E3501A1E00][000001E3506A9240 49] Android_Low, [000001E350239F00][000001E3506AD3C0 49] Android_Mid, [000001E3501A2200][000001E3506B1540 49] Android_High, [000001E35023BF00][000001E3506B96C0 49] Android_Default, [000001E3501A2000][000001E3506CF840 49] Android_Adreno4xx, [000001E35023BD00][000001E3506D39C0 49] Android_Adreno5xx_Low, [000001E3501A2A00][000001E3506D7B40 49] Android_Adreno5xx, [000001E35023B800][000001E3506DA140 49] Android_Adreno6xx, [000001E3501F0500][000001E3506DE2C0 49] Android_Adreno6xx_Vulkan, [000001E350199400][000001E3506E2440 49] Android_Mali_T6xx, [000001E3501F1100][000001E3506E65C0 49] Android_Mali_T7xx, [000001E35019AD00][000001E3506EA740 49] Android_Mali_T8xx, [000001E3501F2F00][000001E3506EE8C0 49] Android_Mali_G71, [000001E35019B400][000001E3506F2A40 49] Android_Mali_G72, [000001E3501F1700][000001E3506F6BC0 49] Android_Mali_G72_Vulkan, [000001E350199300][000001E3506FAD40 49] Android_Mali_G76, [000001E3501F3A00][000001E3506A0E80 49] Android_Mali_G76_Vulkan, [000001E35019AC00][000001E3506FEFC0 49] Android_Mali_G77, [000001E3501F1500][000001E350703100 49] Android_Mali_G77_Vulkan, [000001E350199800][000001E35070B280 49] Android_Mali_G78, [000001E3501F2200][000001E35070F400 49] Android_Mali_G78_Vulkan, [000001E35019BD00][000001E350713580 49] Android_Mali_G710, [000001E3501F0300][000001E350717700 49] Android_Mali_G710_Vulkan, [000001E350198200][000001E35071B880 49] Android_Vulkan_SM5, [000001E3501F0800][000001E35071FA00 49] Android_PowerVR_G6xxx, [000001E35019A500][000001E350723B80 49] Android_PowerVR_GT7xxx, [000001E3501F0E00][000001E350726180 49] Android_PowerVR_GE8xxx, [000001E350199500][000001E35072A300 49] Android_PowerVR_GM9xxx, [000001E3501F0D00][000001E35072E480 49] Android_PowerVR_GM9xxx_Vulkan, [000001E350199900][000001E350732600 49] Android_TegraK1, [000001E3501F0600][000001E350736780 49] Android_Unknown_Vulkan, [000001E35019B800][000001E35073A900 49] Lumin, [000001E3501F2600][000001E35073EA80 49] Lumin_Desktop, [000001E35019BB00][000001E350742C00 49] HoloLens, 
[2024.06.25-20.14.30:908][  0]LogMeshReduction: Using QuadricMeshReduction for automatic static mesh reduction
[2024.06.25-20.14.30:909][  0]LogMeshReduction: Using SimplygonMeshReduction for automatic skeletal mesh reduction
[2024.06.25-20.14.30:909][  0]LogMeshReduction: Using ProxyLODMeshReduction for automatic mesh merging
[2024.06.25-20.14.30:909][  0]LogMeshReduction: No distributed automatic mesh merging module available
[2024.06.25-20.14.30:909][  0]LogMeshMerging: No distributed automatic mesh merging module available
[2024.06.25-20.14.30:981][  0]LogNetVersion: landscape 1.0.0, NetCL: 17155196, EngineNetVer: 17, GameNetVer: 0 (Checksum: 2571868449)
[2024.06.25-20.14.32:809][  0]LogTexture: Default maximum texture size for cubemaps generated from long-lat sources has been changed from 512 to unlimited. In order to preserve old behaiour for '/Engine/MapTemplates/Sky/DaylightAmbientCubemap.DaylightAmbientCubemap', its maximum texture size has been explicitly set to 512.
[2024.06.25-20.14.33:164][  0]LogHMD: PokeAHoleMaterial loaded successfully
[2024.06.25-20.14.33:188][  0]LogUObjectArray: 17178 objects as part of root set at end of initial load.
[2024.06.25-20.14.33:188][  0]LogUObjectAllocator: 4302048 out of 0 bytes used by permanent object pool.
[2024.06.25-20.14.33:188][  0]LogUObjectArray: CloseDisregardForGC: 0/0 objects in disregard for GC pool
[2024.06.25-20.14.34:260][  0]LogNiagaraDebuggerClient: Niagara Debugger Client Initialized | Session: 7F1DEE94474630EE0C7DD9A8263AAAEB | Instance: C66155F64F1DE3A4101ADF8F5A2518A2 (SHIBA-18940).
[2024.06.25-20.14.34:352][  0]LogPython: Using Python 3.7.7
[2024.06.25-20.14.35:815][  0]LogTcpMessaging: Initializing TcpMessaging bridge
[2024.06.25-20.14.35:834][  0]LogUdpMessaging: Initializing bridge on interface 0.0.0.0:0 to multicast group 230.0.0.1:6666.
[2024.06.25-20.14.36:184][  0]SourceControl: Source control is disabled
[2024.06.25-20.14.36:184][  0]SourceControl: Source control is disabled
[2024.06.25-20.14.36:190][  0]SourceControl: Source control is disabled
[2024.06.25-20.14.36:195][  0]SourceControl: Source control is disabled
[2024.06.25-20.14.36:205][  0]SourceControl: Source control is disabled
[2024.06.25-20.14.36:220][  0]LogUProjectInfo: Found projects:
[2024.06.25-20.14.36:716][  0]LogOpenImageDenoise: OIDN starting up
[2024.06.25-20.14.36:800][  0]LogAndroidPermission: UAndroidPermissionCallbackProxy::GetInstance
[2024.06.25-20.14.36:838][  0]LogAudioCaptureCore: Display: No Audio Capture implementations found. Audio input will be silent.
[2024.06.25-20.14.36:838][  0]LogAudioCaptureCore: Display: No Audio Capture implementations found. Audio input will be silent.
[2024.06.25-20.14.37:092][  0]LogCollectionManager: Loaded 0 collections in 0.001184 seconds
[2024.06.25-20.14.37:138][  0]LogFileCache: Scanning file cache for directory 'C:/Users/MY LENOVO/Desktop/project_uni/landscape/Saved/Collections/' took 0.00s
[2024.06.25-20.14.37:138][  0]LogFileCache: Scanning file cache for directory 'C:/Users/MY LENOVO/Desktop/project_uni/landscape/Content/Developers/MYLENOVO/Collections/' took 0.00s
[2024.06.25-20.14.37:138][  0]LogFileCache: Scanning file cache for directory 'C:/Users/MY LENOVO/Desktop/project_uni/landscape/Content/Collections/' took 0.00s
[2024.06.25-20.14.37:138][  0]LogOcInput: OculusInput pre-init called
[2024.06.25-20.14.37:630][  0]LogEngine: Initializing Engine...
[2024.06.25-20.14.37:635][  0]LogHMD: Failed to enumerate extensions. Please check that you have a valid OpenXR runtime installed.
[2024.06.25-20.14.37:636][  0]LogHMD: Failed to initialize OpenVR with code 110
[2024.06.25-20.14.37:636][  0]LogMagicLeap: Warning: VR disabled because ZI is not enabled.  To enable, in the editor, Edit -> Project Settings -> Plugins -> Magic Leap Plugin -> Enable Zero Iteration
[2024.06.25-20.14.37:637][  0]LogStats: UGameplayTagsManager::InitializeManager -  0.000 s
[2024.06.25-20.14.37:881][  0]LogInit: Initializing FReadOnlyCVARCache
[2024.06.25-20.14.37:898][  0]LogAIModule: Creating AISystem for world Untitled
[2024.06.25-20.14.37:899][  0]LogAudio: Display: Initializing Audio Device Manager...
[2024.06.25-20.14.37:905][  0]LogAudio: Display: Loading Default Audio Settings Objects...
[2024.06.25-20.14.37:905][  0]LogAudio: Display: No default SoundConcurrencyObject specified (or failed to load).
[2024.06.25-20.14.37:906][  0]LogAudio: Display: Audio Device Manager Initialized
[2024.06.25-20.14.37:906][  0]LogAudio: Display: Creating Audio Device:                 Id: 1, Scope: Shared, Realtime: True
[2024.06.25-20.14.37:906][  0]LogAudioMixer: Display: Audio Mixer Platform Settings:
[2024.06.25-20.14.37:906][  0]LogAudioMixer: Display: 	Sample Rate:						  48000
[2024.06.25-20.14.37:906][  0]LogAudioMixer: Display: 	Callback Buffer Frame Size Requested: 1024
[2024.06.25-20.14.37:906][  0]LogAudioMixer: Display: 	Callback Buffer Frame Size To Use:	  1024
[2024.06.25-20.14.37:906][  0]LogAudioMixer: Display: 	Number of buffers to queue:			  2
[2024.06.25-20.14.37:906][  0]LogAudioMixer: Display: 	Max Channels (voices):				  32
[2024.06.25-20.14.37:906][  0]LogAudioMixer: Display: 	Number of Async Source Workers:		  0
[2024.06.25-20.14.37:906][  0]LogAudio: Display: AudioDevice MaxSources: 32
[2024.06.25-20.14.37:907][  0]LogAudio: Display: Audio Spatialization Plugin: None (built-in).
[2024.06.25-20.14.37:907][  0]LogAudio: Display: Audio Reverb Plugin: None (built-in).
[2024.06.25-20.14.37:907][  0]LogAudio: Display: Audio Occlusion Plugin: None (built-in).
[2024.06.25-20.14.37:907][  0]LogAudioMixer: Display: Initializing audio mixer.
[2024.06.25-20.14.37:929][  0]LogAudioMixer: Display: 0: FrontLeft
[2024.06.25-20.14.37:929][  0]LogAudioMixer: Display: 1: FrontRight
[2024.06.25-20.14.38:206][  0]LogAudioMixer: Display: Using Audio Device Speakers (Realtek(R) Audio)
[2024.06.25-20.14.38:209][  0]LogAudioMixer: Display: Initializing Sound Submixes...
[2024.06.25-20.14.38:211][  0]LogAudioMixer: Display: Creating Master Submix 'MasterSubmixDefault'
[2024.06.25-20.14.38:211][  0]LogAudioMixer: Display: Creating Master Submix 'MasterReverbSubmixDefault'
[2024.06.25-20.14.38:214][  0]LogAudioMixer: Display: Creating Master Submix 'MasterEQSubmixDefault'
[2024.06.25-20.14.38:214][  0]LogAudioMixer: FMixerPlatformXAudio2::StartAudioStream() called
[2024.06.25-20.14.38:214][  0]LogAudioMixer: Display: Output buffers initialized: Frames=1024, Channels=2, Samples=2048
[2024.06.25-20.14.38:215][  0]LogAudioMixer: Display: Starting AudioMixerPlatformInterface::RunInternal()
[2024.06.25-20.14.38:215][  0]LogAudioMixer: Display: FMixerPlatformXAudio2::SubmitBuffer() called for the first time
[2024.06.25-20.14.38:215][  0]LogInit: FAudioDevice initialized.
[2024.06.25-20.14.38:216][  0]LogAudio: Display: Audio Device (ID: 1) registered with world 'Untitled'.
[2024.06.25-20.14.38:216][  0]LogNetVersion: Set ProjectVersion to 1.0.0.0. Version Checksum will be recalculated on next use.
[2024.06.25-20.14.41:879][  0]LogDerivedDataCache: Saved boot cache 3.66s 94MB C:/Users/MY LENOVO/AppData/Local/UnrealEngine/4.27/DerivedDataCache/Boot.ddc.
[2024.06.25-20.14.41:880][  0]LogInit: Texture streaming: Enabled
[2024.06.25-20.14.41:902][  0]LogAnalytics: Display: [UEEditor.Rocket.Release] APIServer = https://datarouter.ol.epicgames.com/. AppVersion = 4.27.2-18319896+++UE4+Release-4.27
[2024.06.25-20.14.41:910][  0]LogEngineSessionManager: EngineSessionManager initialized
[2024.06.25-20.14.41:910][  0]LogEditorSessionSummary: Verbose: Initializing EditorSessionSummaryWriter for editor session tracking
[2024.06.25-20.14.41:916][  0]LogEditorSessionSummary: EditorSessionSummaryWriter initialized
[2024.06.25-20.14.41:973][  0]LogInit: Transaction tracking system initialized
[2024.06.25-20.14.42:017][  0]BlueprintLog: New page: Editor Load
[2024.06.25-20.14.42:194][  0]LocalizationService: Localization service is disabled
[2024.06.25-20.14.42:280][  0]TimingProfiler: Initialize
[2024.06.25-20.14.42:280][  0]TimingProfiler: OnSessionChanged
[2024.06.25-20.14.42:280][  0]LoadingProfiler: Initialize
[2024.06.25-20.14.42:280][  0]LoadingProfiler: OnSessionChanged
[2024.06.25-20.14.42:280][  0]NetworkingProfiler: Initialize
[2024.06.25-20.14.42:280][  0]NetworkingProfiler: OnSessionChanged
[2024.06.25-20.14.42:280][  0]MemoryProfiler: Initialize
[2024.06.25-20.14.42:281][  0]MemoryProfiler: OnSessionChanged
[2024.06.25-20.14.42:502][  0]LogSlate: Took 0.000281 seconds to synchronously load lazily loaded font '../../../Engine/Content/Slate/Fonts/Roboto-Regular.ttf' (155K)
[2024.06.25-20.14.42:508][  0]LogSlate: Took 0.000737 seconds to synchronously load lazily loaded font '../../../Engine/Content/Slate/Fonts/NotoNaskhArabicUI-Regular.ttf' (144K)
[2024.06.25-20.14.56:094][  0]LogSlate: Window 'Low drive space warning' being destroyed
[2024.06.25-20.14.56:095][  0]LogWindowsTextInputMethodSystem: Display: IME system deactivated.
[2024.06.25-20.14.56:102][  0]Message dialog closed, result: Ok, title: Low drive space warning, text: The following drive locations have limited free space.
It is recommended that you free some space to avoid issues such as crashed and data loss due to files not being able to be written and saved.

  ۲٬۱۸۶ MB Free 		 C:/Users/MY LENOVO/Desktop/project_uni/landscape/
 				 The project directory. 

[2024.06.25-20.14.56:278][  0]LogCook: Display: CookSettings for Memory: MemoryMaxUsedVirtual 0MiB, MemoryMaxUsedPhysical 16384MiB, MemoryMinFreeVirtual 0MiB, MemoryMinFreePhysical 1024MiB
[2024.06.25-20.14.56:278][  0]LogCook: Display: Mobile HDR setting 1
[2024.06.25-20.14.56:606][  0]LogFileCache: Scanning file cache for directory 'C:/Users/MY LENOVO/Desktop/project_uni/landscape/Content/' took 0.02s
[2024.06.25-20.14.56:979][  0]LogInit: Display: Engine is initialized. Leaving FEngineLoop::Init()
[2024.06.25-20.14.56:987][  0]SourceControl: Source control is disabled
[2024.06.25-20.14.56:987][  0]LogUnrealEdMisc: Loading editor; pre map load, took 34.657
[2024.06.25-20.14.56:987][  0]Cmd: MAP LOAD FILE="C:/Users/MY LENOVO/Desktop/project_uni/landscape/Content/StarterContent/Maps/Minimal_Default.umap" TEMPLATE=0 SHOWPROGRESS=1 FEATURELEVEL=3
[2024.06.25-20.14.56:988][  0]LightingResults: New page: Lighting Build
[2024.06.25-20.14.56:990][  0]LogWorld: UWorld::CleanupWorld for Untitled, bSessionEnded=true, bCleanupResources=true
[2024.06.25-20.14.56:990][  0]LogSlate: InvalidateAllWidgets triggered.  All widgets were invalidated
[2024.06.25-20.14.56:990][  0]MapCheck: New page: Map Check
[2024.06.25-20.14.56:990][  0]LightingResults: New page: Lighting Build
[2024.06.25-20.14.56:997][  0]LogAudio: Display: Audio Device unregistered from world 'None'.
[2024.06.25-20.14.57:001][  0]LogUObjectHash: Compacting FUObjectHashTables data took   1.32ms
[2024.06.25-20.14.57:626][  0]LogTexture: Display: Building textures: DeprecatedTextureD6C57B644F03DADF4F2699848FAEA3C3 (BGRA8, 128X128)
[2024.06.25-20.14.57:634][  0]LogTexture: Display: Building textures: DeprecatedTexture8D91C9AE4C6B8D628CDA3C848426284A (BGRA8, 128X128)
[2024.06.25-20.14.57:669][  0]LogAudio: Display: Audio Device (ID: 1) registered with world 'Minimal_Default'.
[2024.06.25-20.14.57:671][  0]LogAIModule: Creating AISystem for world Minimal_Default
[2024.06.25-20.14.58:542][  0]LogEditorServer: Finished looking for orphan Actors (0.000 secs)
[2024.06.25-20.14.58:600][  0]LogUObjectHash: Compacting FUObjectHashTables data took   3.09ms
[2024.06.25-20.14.58:601][  0]Cmd: MAP CHECKDEP NOCLEARLOG
[2024.06.25-20.14.58:601][  0]MapCheck: Map check complete: ۰ Error(s), ۰ Warning(s), took ۰٫۳۶۴ms to complete.
[2024.06.25-20.14.58:601][  0]LogFileHelpers: Loading map 'Minimal_Default' took 1.614
[2024.06.25-20.14.58:608][  0]LogUnrealEdMisc: Total Editor Startup Time, took 36.277
[2024.06.25-20.14.58:702][  0]LogWindowsTextInputMethodSystem: Display: IME system deactivated.
[2024.06.25-20.14.58:820][  0]LogSlate: Updating window title bar state: overlay mode, drag disabled, window buttons hidden, title bar hidden
[2024.06.25-20.14.58:846][  0]LogSlate: Updating window title bar state: overlay mode, drag disabled, window buttons hidden, title bar hidden
[2024.06.25-20.14.58:870][  0]LogSlate: Updating window title bar state: overlay mode, drag disabled, window buttons hidden, title bar hidden
[2024.06.25-20.14.58:895][  0]LogSlate: Updating window title bar state: overlay mode, drag disabled, window buttons hidden, title bar hidden
[2024.06.25-20.14.58:947][  0]LogNativeClassHierarchy: Verbose: Native class hierarchy populated in 0.0364 seconds. Added 3822 classes and 928 folders.
[2024.06.25-20.14.58:954][  0]LogNativeClassHierarchy: Verbose: Native class hierarchy updated for 'WidgetCarousel' in 0.0007 seconds. Added 0 classes and 0 folders.
[2024.06.25-20.14.58:958][  0]LogPakFile: PakFile PrimaryIndexSize=187
[2024.06.25-20.14.58:959][  0]LogPakFile: PakFile PathHashIndexSize=101
[2024.06.25-20.14.58:959][  0]LogPakFile: PakFile FullDirectoryIndexSize=148
[2024.06.25-20.14.58:959][  0]LogShaderLibrary: Display: ShaderCodeLibraryPakFileMountedCallback: PakFile 'D:/4.27/UE_4.27/UE_4.27/FeaturePacks/FP_FirstPerson.upack' (chunk index -1, root 'root:/') mounted
[2024.06.25-20.14.58:959][  0]LogShaderLibrary: Display: ShaderCodeLibraryPakFileMountedCallback: pending pak file info (ChunkID:-1 Root:root:/ File:D:/4.27/UE_4.27/UE_4.27/FeaturePacks/FP_FirstPerson.upack)
[2024.06.25-20.14.58:959][  0]LogPakFile: OnPakFileMounted2Time == 0.000195
[2024.06.25-20.14.58:961][  0]LogPakFile: PakFile PrimaryIndexSize=189
[2024.06.25-20.14.58:961][  0]LogPakFile: PakFile PathHashIndexSize=101
[2024.06.25-20.14.58:961][  0]LogPakFile: PakFile FullDirectoryIndexSize=152
[2024.06.25-20.14.58:961][  0]LogShaderLibrary: Display: ShaderCodeLibraryPakFileMountedCallback: PakFile 'D:/4.27/UE_4.27/UE_4.27/FeaturePacks/FP_FirstPersonBP.upack' (chunk index -1, root 'root:/') mounted
[2024.06.25-20.14.58:961][  0]LogShaderLibrary: Display: ShaderCodeLibraryPakFileMountedCallback: pending pak file info (ChunkID:-1 Root:root:/ File:D:/4.27/UE_4.27/UE_4.27/FeaturePacks/FP_FirstPersonBP.upack)
[2024.06.25-20.14.58:961][  0]LogPakFile: OnPakFileMounted2Time == 0.000149
[2024.06.25-20.14.58:963][  0]LogPakFile: PakFile PrimaryIndexSize=191
[2024.06.25-20.14.58:963][  0]LogPakFile: PakFile PathHashIndexSize=101
[2024.06.25-20.14.58:963][  0]LogPakFile: PakFile FullDirectoryIndexSize=160
[2024.06.25-20.14.58:963][  0]LogShaderLibrary: Display: ShaderCodeLibraryPakFileMountedCallback: PakFile 'D:/4.27/UE_4.27/UE_4.27/FeaturePacks/MobileStarterContent.upack' (chunk index -1, root 'root:/') mounted
[2024.06.25-20.14.58:963][  0]LogShaderLibrary: Display: ShaderCodeLibraryPakFileMountedCallback: pending pak file info (ChunkID:-1 Root:root:/ File:D:/4.27/UE_4.27/UE_4.27/FeaturePacks/MobileStarterContent.upack)
[2024.06.25-20.14.58:963][  0]LogPakFile: OnPakFileMounted2Time == 0.000155
[2024.06.25-20.14.58:965][  0]LogPakFile: PakFile PrimaryIndexSize=185
[2024.06.25-20.14.58:965][  0]LogPakFile: PakFile PathHashIndexSize=101
[2024.06.25-20.14.58:965][  0]LogPakFile: PakFile FullDirectoryIndexSize=148
[2024.06.25-20.14.58:965][  0]LogShaderLibrary: Display: ShaderCodeLibraryPakFileMountedCallback: PakFile 'D:/4.27/UE_4.27/UE_4.27/FeaturePacks/StarterContent.upack' (chunk index -1, root 'root:/') mounted
[2024.06.25-20.14.58:965][  0]LogShaderLibrary: Display: ShaderCodeLibraryPakFileMountedCallback: pending pak file info (ChunkID:-1 Root:root:/ File:D:/4.27/UE_4.27/UE_4.27/FeaturePacks/StarterContent.upack)
[2024.06.25-20.14.58:965][  0]LogPakFile: OnPakFileMounted2Time == 0.000166
[2024.06.25-20.14.58:967][  0]LogPakFile: PakFile PrimaryIndexSize=190
[2024.06.25-20.14.58:967][  0]LogPakFile: PakFile PathHashIndexSize=101
[2024.06.25-20.14.58:967][  0]LogPakFile: PakFile FullDirectoryIndexSize=154
[2024.06.25-20.14.58:967][  0]LogShaderLibrary: Display: ShaderCodeLibraryPakFileMountedCallback: PakFile 'D:/4.27/UE_4.27/UE_4.27/FeaturePacks/TP_2DSideScroller.upack' (chunk index -1, root 'root:/') mounted
[2024.06.25-20.14.58:967][  0]LogShaderLibrary: Display: ShaderCodeLibraryPakFileMountedCallback: pending pak file info (ChunkID:-1 Root:root:/ File:D:/4.27/UE_4.27/UE_4.27/FeaturePacks/TP_2DSideScroller.upack)
[2024.06.25-20.14.58:968][  0]LogPakFile: OnPakFileMounted2Time == 0.000161
[2024.06.25-20.14.58:969][  0]LogPakFile: PakFile PrimaryIndexSize=192
[2024.06.25-20.14.58:969][  0]LogPakFile: PakFile PathHashIndexSize=101
[2024.06.25-20.14.58:969][  0]LogPakFile: PakFile FullDirectoryIndexSize=158
[2024.06.25-20.14.58:969][  0]LogShaderLibrary: Display: ShaderCodeLibraryPakFileMountedCallback: PakFile 'D:/4.27/UE_4.27/UE_4.27/FeaturePacks/TP_2DSideScrollerBP.upack' (chunk index -1, root 'root:/') mounted
[2024.06.25-20.14.58:969][  0]LogShaderLibrary: Display: ShaderCodeLibraryPakFileMountedCallback: pending pak file info (ChunkID:-1 Root:root:/ File:D:/4.27/UE_4.27/UE_4.27/FeaturePacks/TP_2DSideScrollerBP.upack)
[2024.06.25-20.14.58:969][  0]LogPakFile: OnPakFileMounted2Time == 0.000139
[2024.06.25-20.14.58:971][  0]LogPakFile: PakFile PrimaryIndexSize=182
[2024.06.25-20.14.58:971][  0]LogPakFile: PakFile PathHashIndexSize=101
[2024.06.25-20.14.58:971][  0]LogPakFile: PakFile FullDirectoryIndexSize=138
[2024.06.25-20.14.58:971][  0]LogShaderLibrary: Display: ShaderCodeLibraryPakFileMountedCallback: PakFile 'D:/4.27/UE_4.27/UE_4.27/FeaturePacks/TP_Flying.upack' (chunk index -1, root 'root:/') mounted
[2024.06.25-20.14.58:971][  0]LogShaderLibrary: Display: ShaderCodeLibraryPakFileMountedCallback: pending pak file info (ChunkID:-1 Root:root:/ File:D:/4.27/UE_4.27/UE_4.27/FeaturePacks/TP_Flying.upack)
[2024.06.25-20.14.58:971][  0]LogPakFile: OnPakFileMounted2Time == 0.000141
[2024.06.25-20.14.58:973][  0]LogPakFile: PakFile PrimaryIndexSize=184
[2024.06.25-20.14.58:973][  0]LogPakFile: PakFile PathHashIndexSize=101
[2024.06.25-20.14.58:973][  0]LogPakFile: PakFile FullDirectoryIndexSize=142
[2024.06.25-20.14.58:973][  0]LogShaderLibrary: Display: ShaderCodeLibraryPakFileMountedCallback: PakFile 'D:/4.27/UE_4.27/UE_4.27/FeaturePacks/TP_FlyingBP.upack' (chunk index -1, root 'root:/') mounted
[2024.06.25-20.14.58:973][  0]LogShaderLibrary: Display: ShaderCodeLibraryPakFileMountedCallback: pending pak file info (ChunkID:-1 Root:root:/ File:D:/4.27/UE_4.27/UE_4.27/FeaturePacks/TP_FlyingBP.upack)
[2024.06.25-20.14.58:973][  0]LogPakFile: OnPakFileMounted2Time == 0.000151
[2024.06.25-20.14.58:976][  0]LogPakFile: PakFile PrimaryIndexSize=188
[2024.06.25-20.14.58:976][  0]LogPakFile: PakFile PathHashIndexSize=101
[2024.06.25-20.14.58:976][  0]LogPakFile: PakFile FullDirectoryIndexSize=150
[2024.06.25-20.14.58:976][  0]LogShaderLibrary: Display: ShaderCodeLibraryPakFileMountedCallback: PakFile 'D:/4.27/UE_4.27/UE_4.27/FeaturePacks/TP_HandheldARBP.upack' (chunk index -1, root 'root:/') mounted
[2024.06.25-20.14.58:976][  0]LogShaderLibrary: Display: ShaderCodeLibraryPakFileMountedCallback: pending pak file info (ChunkID:-1 Root:root:/ File:D:/4.27/UE_4.27/UE_4.27/FeaturePacks/TP_HandheldARBP.upack)
[2024.06.25-20.14.58:976][  0]LogPakFile: OnPakFileMounted2Time == 0.000155
[2024.06.25-20.14.58:978][  0]LogPakFile: PakFile PrimaryIndexSize=182
[2024.06.25-20.14.58:978][  0]LogPakFile: PakFile PathHashIndexSize=101
[2024.06.25-20.14.58:978][  0]LogPakFile: PakFile FullDirectoryIndexSize=138
[2024.06.25-20.14.58:978][  0]LogShaderLibrary: Display: ShaderCodeLibraryPakFileMountedCallback: PakFile 'D:/4.27/UE_4.27/UE_4.27/FeaturePacks/TP_Puzzle.upack' (chunk index -1, root 'root:/') mounted
[2024.06.25-20.14.58:978][  0]LogShaderLibrary: Display: ShaderCodeLibraryPakFileMountedCallback: pending pak file info (ChunkID:-1 Root:root:/ File:D:/4.27/UE_4.27/UE_4.27/FeaturePacks/TP_Puzzle.upack)
[2024.06.25-20.14.58:979][  0]LogPakFile: OnPakFileMounted2Time == 0.000139
[2024.06.25-20.14.58:981][  0]LogPakFile: PakFile PrimaryIndexSize=184
[2024.06.25-20.14.58:981][  0]LogPakFile: PakFile PathHashIndexSize=101
[2024.06.25-20.14.58:981][  0]LogPakFile: PakFile FullDirectoryIndexSize=142
[2024.06.25-20.14.58:981][  0]LogShaderLibrary: Display: ShaderCodeLibraryPakFileMountedCallback: PakFile 'D:/4.27/UE_4.27/UE_4.27/FeaturePacks/TP_PuzzleBP.upack' (chunk index -1, root 'root:/') mounted
[2024.06.25-20.14.58:981][  0]LogShaderLibrary: Display: ShaderCodeLibraryPakFileMountedCallback: pending pak file info (ChunkID:-1 Root:root:/ File:D:/4.27/UE_4.27/UE_4.27/FeaturePacks/TP_PuzzleBP.upack)
[2024.06.25-20.14.58:981][  0]LogPakFile: OnPakFileMounted2Time == 0.000177
[2024.06.25-20.14.58:983][  0]LogPakFile: PakFile PrimaryIndexSize=183
[2024.06.25-20.14.58:983][  0]LogPakFile: PakFile PathHashIndexSize=101
[2024.06.25-20.14.58:983][  0]LogPakFile: PakFile FullDirectoryIndexSize=140
[2024.06.25-20.14.58:983][  0]LogShaderLibrary: Display: ShaderCodeLibraryPakFileMountedCallback: PakFile 'D:/4.27/UE_4.27/UE_4.27/FeaturePacks/TP_Rolling.upack' (chunk index -1, root 'root:/') mounted
[2024.06.25-20.14.58:983][  0]LogShaderLibrary: Display: ShaderCodeLibraryPakFileMountedCallback: pending pak file info (ChunkID:-1 Root:root:/ File:D:/4.27/UE_4.27/UE_4.27/FeaturePacks/TP_Rolling.upack)
[2024.06.25-20.14.58:983][  0]LogPakFile: OnPakFileMounted2Time == 0.000210
[2024.06.25-20.14.58:985][  0]LogPakFile: PakFile PrimaryIndexSize=185
[2024.06.25-20.14.58:985][  0]LogPakFile: PakFile PathHashIndexSize=101
[2024.06.25-20.14.58:985][  0]LogPakFile: PakFile FullDirectoryIndexSize=144
[2024.06.25-20.14.58:985][  0]LogShaderLibrary: Display: ShaderCodeLibraryPakFileMountedCallback: PakFile 'D:/4.27/UE_4.27/UE_4.27/FeaturePacks/TP_RollingBP.upack' (chunk index -1, root 'root:/') mounted
[2024.06.25-20.14.58:986][  0]LogShaderLibrary: Display: ShaderCodeLibraryPakFileMountedCallback: pending pak file info (ChunkID:-1 Root:root:/ File:D:/4.27/UE_4.27/UE_4.27/FeaturePacks/TP_RollingBP.upack)
[2024.06.25-20.14.58:986][  0]LogPakFile: OnPakFileMounted2Time == 0.000331
[2024.06.25-20.14.58:987][  0]LogPakFile: PakFile PrimaryIndexSize=188
[2024.06.25-20.14.58:987][  0]LogPakFile: PakFile PathHashIndexSize=101
[2024.06.25-20.14.58:988][  0]LogPakFile: PakFile FullDirectoryIndexSize=150
[2024.06.25-20.14.58:988][  0]LogShaderLibrary: Display: ShaderCodeLibraryPakFileMountedCallback: PakFile 'D:/4.27/UE_4.27/UE_4.27/FeaturePacks/TP_SideScroller.upack' (chunk index -1, root 'root:/') mounted
[2024.06.25-20.14.58:988][  0]LogShaderLibrary: Display: ShaderCodeLibraryPakFileMountedCallback: pending pak file info (ChunkID:-1 Root:root:/ File:D:/4.27/UE_4.27/UE_4.27/FeaturePacks/TP_SideScroller.upack)
[2024.06.25-20.14.58:988][  0]LogPakFile: OnPakFileMounted2Time == 0.000162
[2024.06.25-20.14.58:989][  0]LogPakFile: PakFile PrimaryIndexSize=190
[2024.06.25-20.14.58:989][  0]LogPakFile: PakFile PathHashIndexSize=101
[2024.06.25-20.14.58:989][  0]LogPakFile: PakFile FullDirectoryIndexSize=154
[2024.06.25-20.14.58:990][  0]LogShaderLibrary: Display: ShaderCodeLibraryPakFileMountedCallback: PakFile 'D:/4.27/UE_4.27/UE_4.27/FeaturePacks/TP_SideScrollerBP.upack' (chunk index -1, root 'root:/') mounted
[2024.06.25-20.14.58:990][  0]LogShaderLibrary: Display: ShaderCodeLibraryPakFileMountedCallback: pending pak file info (ChunkID:-1 Root:root:/ File:D:/4.27/UE_4.27/UE_4.27/FeaturePacks/TP_SideScrollerBP.upack)
[2024.06.25-20.14.58:990][  0]LogPakFile: OnPakFileMounted2Time == 0.000176
[2024.06.25-20.14.58:991][  0]LogPakFile: PakFile PrimaryIndexSize=187
[2024.06.25-20.14.58:991][  0]LogPakFile: PakFile PathHashIndexSize=101
[2024.06.25-20.14.58:991][  0]LogPakFile: PakFile FullDirectoryIndexSize=148
[2024.06.25-20.14.58:992][  0]LogShaderLibrary: Display: ShaderCodeLibraryPakFileMountedCallback: PakFile 'D:/4.27/UE_4.27/UE_4.27/FeaturePacks/TP_ThirdPerson.upack' (chunk index -1, root 'root:/') mounted
[2024.06.25-20.14.58:992][  0]LogShaderLibrary: Display: ShaderCodeLibraryPakFileMountedCallback: pending pak file info (ChunkID:-1 Root:root:/ File:D:/4.27/UE_4.27/UE_4.27/FeaturePacks/TP_ThirdPerson.upack)
[2024.06.25-20.14.58:992][  0]LogPakFile: OnPakFileMounted2Time == 0.000141
[2024.06.25-20.14.58:993][  0]LogPakFile: PakFile PrimaryIndexSize=189
[2024.06.25-20.14.58:993][  0]LogPakFile: PakFile PathHashIndexSize=101
[2024.06.25-20.14.58:993][  0]LogPakFile: PakFile FullDirectoryIndexSize=152
[2024.06.25-20.14.58:993][  0]LogShaderLibrary: Display: ShaderCodeLibraryPakFileMountedCallback: PakFile 'D:/4.27/UE_4.27/UE_4.27/FeaturePacks/TP_ThirdPersonBP.upack' (chunk index -1, root 'root:/') mounted
[2024.06.25-20.14.58:993][  0]LogShaderLibrary: Display: ShaderCodeLibraryPakFileMountedCallback: pending pak file info (ChunkID:-1 Root:root:/ File:D:/4.27/UE_4.27/UE_4.27/FeaturePacks/TP_ThirdPersonBP.upack)
[2024.06.25-20.14.58:994][  0]LogPakFile: OnPakFileMounted2Time == 0.000149
[2024.06.25-20.14.58:996][  0]LogPakFile: PakFile PrimaryIndexSize=183
[2024.06.25-20.14.58:996][  0]LogPakFile: PakFile PathHashIndexSize=101
[2024.06.25-20.14.58:996][  0]LogPakFile: PakFile FullDirectoryIndexSize=140
[2024.06.25-20.14.58:996][  0]LogShaderLibrary: Display: ShaderCodeLibraryPakFileMountedCallback: PakFile 'D:/4.27/UE_4.27/UE_4.27/FeaturePacks/TP_TopDown.upack' (chunk index -1, root 'root:/') mounted
[2024.06.25-20.14.58:996][  0]LogShaderLibrary: Display: ShaderCodeLibraryPakFileMountedCallback: pending pak file info (ChunkID:-1 Root:root:/ File:D:/4.27/UE_4.27/UE_4.27/FeaturePacks/TP_TopDown.upack)
[2024.06.25-20.14.58:996][  0]LogPakFile: OnPakFileMounted2Time == 0.000196
[2024.06.25-20.14.58:998][  0]LogPakFile: PakFile PrimaryIndexSize=185
[2024.06.25-20.14.58:998][  0]LogPakFile: PakFile PathHashIndexSize=101
[2024.06.25-20.14.58:998][  0]LogPakFile: PakFile FullDirectoryIndexSize=144
[2024.06.25-20.14.58:998][  0]LogShaderLibrary: Display: ShaderCodeLibraryPakFileMountedCallback: PakFile 'D:/4.27/UE_4.27/UE_4.27/FeaturePacks/TP_TopDownBP.upack' (chunk index -1, root 'root:/') mounted
[2024.06.25-20.14.58:998][  0]LogShaderLibrary: Display: ShaderCodeLibraryPakFileMountedCallback: pending pak file info (ChunkID:-1 Root:root:/ File:D:/4.27/UE_4.27/UE_4.27/FeaturePacks/TP_TopDownBP.upack)
[2024.06.25-20.14.58:998][  0]LogPakFile: OnPakFileMounted2Time == 0.000175
[2024.06.25-20.14.59:000][  0]LogPakFile: PakFile PrimaryIndexSize=185
[2024.06.25-20.14.59:000][  0]LogPakFile: PakFile PathHashIndexSize=101
[2024.06.25-20.14.59:000][  0]LogPakFile: PakFile FullDirectoryIndexSize=144
[2024.06.25-20.14.59:000][  0]LogShaderLibrary: Display: ShaderCodeLibraryPakFileMountedCallback: PakFile 'D:/4.27/UE_4.27/UE_4.27/FeaturePacks/TP_TwinStick.upack' (chunk index -1, root 'root:/') mounted
[2024.06.25-20.14.59:000][  0]LogShaderLibrary: Display: ShaderCodeLibraryPakFileMountedCallback: pending pak file info (ChunkID:-1 Root:root:/ File:D:/4.27/UE_4.27/UE_4.27/FeaturePacks/TP_TwinStick.upack)
[2024.06.25-20.14.59:000][  0]LogPakFile: OnPakFileMounted2Time == 0.000190
[2024.06.25-20.14.59:002][  0]LogPakFile: PakFile PrimaryIndexSize=187
[2024.06.25-20.14.59:002][  0]LogPakFile: PakFile PathHashIndexSize=101
[2024.06.25-20.14.59:002][  0]LogPakFile: PakFile FullDirectoryIndexSize=148
[2024.06.25-20.14.59:002][  0]LogShaderLibrary: Display: ShaderCodeLibraryPakFileMountedCallback: PakFile 'D:/4.27/UE_4.27/UE_4.27/FeaturePacks/TP_TwinStickBP.upack' (chunk index -1, root 'root:/') mounted
[2024.06.25-20.14.59:002][  0]LogShaderLibrary: Display: ShaderCodeLibraryPakFileMountedCallback: pending pak file info (ChunkID:-1 Root:root:/ File:D:/4.27/UE_4.27/UE_4.27/FeaturePacks/TP_TwinStickBP.upack)
[2024.06.25-20.14.59:002][  0]LogPakFile: OnPakFileMounted2Time == 0.000160
[2024.06.25-20.14.59:004][  0]LogPakFile: PakFile PrimaryIndexSize=183
[2024.06.25-20.14.59:004][  0]LogPakFile: PakFile PathHashIndexSize=101
[2024.06.25-20.14.59:004][  0]LogPakFile: PakFile FullDirectoryIndexSize=140
[2024.06.25-20.14.59:004][  0]LogShaderLibrary: Display: ShaderCodeLibraryPakFileMountedCallback: PakFile 'D:/4.27/UE_4.27/UE_4.27/FeaturePacks/TP_Vehicle.upack' (chunk index -1, root 'root:/') mounted
[2024.06.25-20.14.59:004][  0]LogShaderLibrary: Display: ShaderCodeLibraryPakFileMountedCallback: pending pak file info (ChunkID:-1 Root:root:/ File:D:/4.27/UE_4.27/UE_4.27/FeaturePacks/TP_Vehicle.upack)
[2024.06.25-20.14.59:004][  0]LogPakFile: OnPakFileMounted2Time == 0.000150
[2024.06.25-20.14.59:005][  0]LogPakFile: PakFile PrimaryIndexSize=186
[2024.06.25-20.14.59:005][  0]LogPakFile: PakFile PathHashIndexSize=101
[2024.06.25-20.14.59:005][  0]LogPakFile: PakFile FullDirectoryIndexSize=146
[2024.06.25-20.14.59:005][  0]LogShaderLibrary: Display: ShaderCodeLibraryPakFileMountedCallback: PakFile 'D:/4.27/UE_4.27/UE_4.27/FeaturePacks/TP_VehicleAdv.upack' (chunk index -1, root 'root:/') mounted
[2024.06.25-20.14.59:005][  0]LogShaderLibrary: Display: ShaderCodeLibraryPakFileMountedCallback: pending pak file info (ChunkID:-1 Root:root:/ File:D:/4.27/UE_4.27/UE_4.27/FeaturePacks/TP_VehicleAdv.upack)
[2024.06.25-20.14.59:007][  0]LogPakFile: OnPakFileMounted2Time == 0.000158
[2024.06.25-20.14.59:008][  0]LogPakFile: PakFile PrimaryIndexSize=188
[2024.06.25-20.14.59:008][  0]LogPakFile: PakFile PathHashIndexSize=101
[2024.06.25-20.14.59:008][  0]LogPakFile: PakFile FullDirectoryIndexSize=150
[2024.06.25-20.14.59:008][  0]LogShaderLibrary: Display: ShaderCodeLibraryPakFileMountedCallback: PakFile 'D:/4.27/UE_4.27/UE_4.27/FeaturePacks/TP_VehicleAdvBP.upack' (chunk index -1, root 'root:/') mounted
[2024.06.25-20.14.59:009][  0]LogShaderLibrary: Display: ShaderCodeLibraryPakFileMountedCallback: pending pak file info (ChunkID:-1 Root:root:/ File:D:/4.27/UE_4.27/UE_4.27/FeaturePacks/TP_VehicleAdvBP.upack)
[2024.06.25-20.14.59:009][  0]LogPakFile: OnPakFileMounted2Time == 0.000140
[2024.06.25-20.14.59:010][  0]LogPakFile: PakFile PrimaryIndexSize=185
[2024.06.25-20.14.59:010][  0]LogPakFile: PakFile PathHashIndexSize=101
[2024.06.25-20.14.59:010][  0]LogPakFile: PakFile FullDirectoryIndexSize=144
[2024.06.25-20.14.59:011][  0]LogShaderLibrary: Display: ShaderCodeLibraryPakFileMountedCallback: PakFile 'D:/4.27/UE_4.27/UE_4.27/FeaturePacks/TP_VehicleBP.upack' (chunk index -1, root 'root:/') mounted
[2024.06.25-20.14.59:011][  0]LogShaderLibrary: Display: ShaderCodeLibraryPakFileMountedCallback: pending pak file info (ChunkID:-1 Root:root:/ File:D:/4.27/UE_4.27/UE_4.27/FeaturePacks/TP_VehicleBP.upack)
[2024.06.25-20.14.59:011][  0]LogPakFile: OnPakFileMounted2Time == 0.000177
[2024.06.25-20.14.59:012][  0]LogPakFile: PakFile PrimaryIndexSize=192
[2024.06.25-20.14.59:012][  0]LogPakFile: PakFile PathHashIndexSize=101
[2024.06.25-20.14.59:013][  0]LogPakFile: PakFile FullDirectoryIndexSize=158
[2024.06.25-20.14.59:013][  0]LogShaderLibrary: Display: ShaderCodeLibraryPakFileMountedCallback: PakFile 'D:/4.27/UE_4.27/UE_4.27/FeaturePacks/TP_VirtualRealityBP.upack' (chunk index -1, root 'root:/') mounted
[2024.06.25-20.14.59:013][  0]LogShaderLibrary: Display: ShaderCodeLibraryPakFileMountedCallback: pending pak file info (ChunkID:-1 Root:root:/ File:D:/4.27/UE_4.27/UE_4.27/FeaturePacks/TP_VirtualRealityBP.upack)
[2024.06.25-20.14.59:013][  0]LogPakFile: OnPakFileMounted2Time == 0.000143
[2024.06.25-20.14.59:160][  0]LogNativeClassHierarchy: Verbose: Native class hierarchy updated for 'AddContentDialog' in 0.0007 seconds. Added 0 classes and 0 folders.
[2024.06.25-20.14.59:164][  0]LogNativeClassHierarchy: Verbose: Native class hierarchy updated for 'SceneOutliner' in 0.0008 seconds. Added 2 classes and 0 folders.
[2024.06.25-20.14.59:268][  0]LogSlate: Took 0.000790 seconds to synchronously load lazily loaded font '../../../Engine/Content/Editor/Slate/Fonts/FontAwesome.ttf' (139K)
[2024.06.25-20.14.59:272][  0]LogSlate: Took 0.000408 seconds to synchronously load lazily loaded font '../../../Engine/Content/Slate/Fonts/Roboto-Bold.ttf' (160K)
[2024.06.25-20.14.59:460][  0]LogRenderer: Reallocating scene render targets to support 848x388 Format 10 NumSamples 1 (Frame:1).
[2024.06.25-20.14.59:811][  0]LogNativeClassHierarchy: Verbose: Native class hierarchy updated for 'HierarchicalLODOutliner' in 0.0005 seconds. Added 0 classes and 0 folders.
[2024.06.25-20.14.59:811][  0]LogLoad: (Engine Initialization) Total time: 37.48 seconds
[2024.06.25-20.14.59:811][  0]LogLoad: (Engine Initialization) Total Blueprint compile time: 0.00 seconds
[2024.06.25-20.15.00:836][  0]LogContentStreaming: Texture pool size now 1000 MB
[2024.06.25-20.15.00:948][  1]LogAssetRegistry: Asset discovery search completed in 31.7922 seconds
[2024.06.25-20.15.00:956][  1]LogCollectionManager: Fixed up redirectors for 0 collections in 0.000005 seconds (updated 0 objects)
[2024.06.25-20.15.01:096][  2]LogSlate: Took 0.000343 seconds to synchronously load lazily loaded font '../../../Engine/Content/Slate/Fonts/Roboto-Light.ttf' (167K)
[2024.06.25-20.15.03:473][ 99]LogSlate: Took 0.000255 seconds to synchronously load lazily loaded font '../../../Engine/Content/Slate/Fonts/Roboto-Italic.ttf' (157K)
[2024.06.25-20.15.10:614][485]LogSlate: Took 0.000216 seconds to synchronously load lazily loaded font '../../../Engine/Content/Slate/Fonts/Roboto-Light.ttf' (167K)
[2024.06.25-20.15.37:797][836]Cmd: TRANSACTION UNDO
[2024.06.25-20.15.37:797][836]LogEditorTransaction: Undo Foliage Editing
[2024.06.25-20.16.17:213][879]LogEditorViewport: Clicking on Actor (double click): Landscape (Landscape)
[2024.06.25-20.16.21:551][110]LogEditorViewport: Clicking on Actor (double click): InstancedFoliageActor (InstancedFoliageActor)
[2024.06.25-20.16.31:264][617]LogUObjectHash: Compacting FUObjectHashTables data took   1.55ms
[2024.06.25-20.16.31:897][617]LogSavePackage: Moving 'C:/Users/MY LENOVO/Desktop/project_uni/landscape/Saved/Minimal_DefaultA715FC2442D874FE7C8B779E1E5D9AA1.tmp' to 'C:/Users/MY LENOVO/Desktop/project_uni/landscape/Content/StarterContent/Maps/Minimal_Default.umap'
[2024.06.25-20.16.31:989][617]LogSavePackage: Moving 'C:/Users/MY LENOVO/Desktop/project_uni/landscape/Saved/Minimal_Default_BuiltData8DE58DFC467BA76D6C2D65B4D0E0E006.tmp' to 'C:/Users/MY LENOVO/Desktop/project_uni/landscape/Content/StarterContent/Maps/Minimal_Default_BuiltData.uasset'
[2024.06.25-20.16.32:049][617]AssetCheck: New page: Asset Save: multiple assets
[2024.06.25-20.16.32:049][617]LogContentValidation: Display: Validating MapBuildDataRegistry /Game/StarterContent/Maps/Minimal_Default_BuiltData.Minimal_Default_BuiltData
[2024.06.25-20.16.32:049][617]LogContentValidation: Display: Validating World /Game/StarterContent/Maps/Minimal_Default.Minimal_Default
[2024.06.25-20.23.34:791][110]LogSavePackage: Moving 'C:/Users/MY LENOVO/Desktop/project_uni/landscape/Saved/Grass1_05_FoliageType13FD49634F873D51AB8B81BDFB785038.tmp' to 'C:/Users/MY LENOVO/Desktop/project_uni/landscape/Content/NaturePackage/Meshes/flora/Grass1_05_FoliageType.uasset'
[2024.06.25-20.23.34:814][110]AssetCheck: New page: Asset Save: Grass1_05_FoliageType
[2024.06.25-20.23.34:814][110]LogContentValidation: Display: Validating FoliageType_InstancedStaticMesh /Game/NaturePackage/Meshes/flora/Grass1_05_FoliageType.Grass1_05_FoliageType
[2024.06.25-20.23.36:082][196]LogSavePackage: Moving 'C:/Users/MY LENOVO/Desktop/project_uni/landscape/Saved/Grass1_05_FoliageType64A9D2D245A56F1D091D64A5D204E64B.tmp' to 'C:/Users/MY LENOVO/Desktop/project_uni/landscape/Content/NaturePackage/Meshes/flora/Grass1_05_FoliageType.uasset'
[2024.06.25-20.23.36:097][196]AssetCheck: New page: Asset Save: Grass1_05_FoliageType
[2024.06.25-20.23.36:097][196]LogContentValidation: Display: Validating FoliageType_InstancedStaticMesh /Game/NaturePackage/Meshes/flora/Grass1_05_FoliageType.Grass1_05_FoliageType
[2024.06.25-20.24.18:079][504]LogRenderer: Reallocating scene render targets to support 1064x388 Format 10 NumSamples 1 (Frame:5839).
